mode: set
zrp/audit.go:29.79,32.16 2 1
zrp/audit.go:32.16,34.3 1 0
zrp/audit.go:36.2,40.4 1 1
zrp/audit.go:43.42,45.16 2 1
zrp/audit.go:45.16,47.3 1 0
zrp/audit.go:48.2,50.16 3 1
zrp/audit.go:50.16,52.3 1 0
zrp/audit.go:53.2,53.17 1 1
zrp/audit.go:71.61,75.18 3 0
zrp/audit.go:75.18,77.3 1 0
zrp/audit.go:78.2,79.20 2 0
zrp/audit.go:79.20,80.60 1 0
zrp/audit.go:80.60,82.4 1 0
zrp/audit.go:84.2,85.45 2 0
zrp/audit.go:85.45,86.53 1 0
zrp/audit.go:86.53,88.4 1 0
zrp/audit.go:91.2,98.18 7 0
zrp/audit.go:98.18,101.3 2 0
zrp/audit.go:102.2,102.16 1 0
zrp/audit.go:102.16,105.3 2 0
zrp/audit.go:106.2,106.18 1 0
zrp/audit.go:106.18,110.3 3 0
zrp/audit.go:111.2,111.20 1 0
zrp/audit.go:111.20,114.3 2 0
zrp/audit.go:115.2,115.18 1 0
zrp/audit.go:115.18,118.3 2 0
zrp/audit.go:120.2,121.25 2 0
zrp/audit.go:121.25,123.3 1 0
zrp/audit.go:126.2,139.16 8 0
zrp/audit.go:139.16,142.3 2 0
zrp/audit.go:143.2,146.18 3 0
zrp/audit.go:146.18,151.3 3 0
zrp/audit.go:152.2,152.18 1 0
zrp/audit.go:152.18,154.3 1 0
zrp/audit.go:156.2,159.4 1 0
zrp/audit.go:163.64,165.18 2 0
zrp/audit.go:165.18,167.3 1 0
zrp/audit.go:168.2,176.18 8 0
zrp/audit.go:176.18,179.3 2 0
zrp/audit.go:180.2,180.16 1 0
zrp/audit.go:180.16,183.3 2 0
zrp/audit.go:184.2,184.18 1 0
zrp/audit.go:184.18,187.3 2 0
zrp/audit.go:188.2,188.18 1 0
zrp/audit.go:188.18,192.3 3 0
zrp/audit.go:193.2,193.20 1 0
zrp/audit.go:193.20,196.3 2 0
zrp/audit.go:197.2,197.18 1 0
zrp/audit.go:197.18,200.3 2 0
zrp/audit.go:202.2,203.25 2 0
zrp/audit.go:203.25,205.3 1 0
zrp/audit.go:207.2,212.16 3 0
zrp/audit.go:212.16,215.3 2 0
zrp/audit.go:216.2,234.18 10 0
zrp/audit.go:234.18,250.3 5 0
zrp/audit.go:253.2,253.55 1 0
zrp/audit.go:257.67,258.23 1 0
zrp/audit.go:258.23,264.3 3 0
zrp/audit.go:266.2,266.23 1 0
zrp/audit.go:266.23,270.62 2 0
zrp/audit.go:270.62,273.4 2 0
zrp/audit.go:275.3,275.57 1 0
zrp/audit.go:275.57,278.4 2 0
zrp/audit.go:280.3,280.70 1 0
zrp/audit.go:280.70,283.4 2 0
zrp/audit.go:285.3,292.9 3 0
zrp/audit.go:295.2,295.62 1 0
zrp/audit.go:295.62,298.17 3 0
zrp/audit.go:298.17,301.4 2 0
zrp/audit.go:303.3,311.9 3 0
zrp/audit.go:314.2,314.42 1 0
zrp/audit.go:317.68,321.17 3 0
zrp/audit.go:321.17,323.19 2 0
zrp/audit.go:323.19,328.4 4 0
zrp/audit.go:332.2,334.18 3 0
zrp/audit.go:334.18,336.20 2 0
zrp/audit.go:336.20,341.4 4 0
zrp/audit.go:345.2,354.18 4 0
zrp/audit.go:354.18,356.20 2 0
zrp/audit.go:356.20,360.4 3 0
zrp/audit.go:362.2,362.22 1 0
zrp/audit.go:362.22,364.3 1 0
zrp/audit.go:366.2,370.4 1 0
zrp/audit.go:373.67,375.16 2 0
zrp/audit.go:375.16,378.3 2 0
zrp/audit.go:379.2,387.18 4 0
zrp/audit.go:387.18,391.3 3 0
zrp/audit.go:392.2,392.18 1 0
zrp/audit.go:392.18,394.3 1 0
zrp/audit.go:395.2,395.20 1 0
zrp/audit.go:399.89,404.2 3 0
zrp/audit.go:406.44,410.16 3 0
zrp/audit.go:410.16,412.3 1 0
zrp/audit.go:413.2,413.13 1 0
zrp/audit.go:416.56,419.2 2 0
zrp/audit.go:421.92,424.2 2 0
zrp/audit.go:426.72,429.16 3 0
zrp/audit.go:429.16,431.3 1 0
zrp/audit.go:432.2,432.30 1 0
zrp/audit.go:435.94,439.2 3 0
zrp/audit.go:456.63,460.29 3 0
zrp/audit.go:460.29,462.17 2 0
zrp/audit.go:462.17,464.4 1 0
zrp/audit.go:467.2,467.28 1 0
zrp/audit.go:467.28,469.17 2 0
zrp/audit.go:469.17,471.4 1 0
zrp/audit.go:474.2,491.16 3 0
zrp/audit.go:491.16,494.3 2 0
zrp/audit.go:497.2,503.12 2 0
zrp/audit.go:507.80,509.16 2 0
zrp/audit.go:509.16,511.3 1 0
zrp/audit.go:513.2,515.16 2 0
zrp/audit.go:515.16,517.3 1 0
zrp/audit.go:518.2,518.25 1 0
zrp/audit.go:522.42,525.15 2 0
zrp/audit.go:525.15,529.3 2 0
zrp/audit.go:532.2,533.15 2 0
zrp/audit.go:533.15,535.3 1 0
zrp/audit.go:538.2,540.50 2 0
zrp/audit.go:540.50,542.3 1 0
zrp/audit.go:543.2,543.11 1 0
zrp/audit.go:547.105,561.2 2 0
zrp/db.go:17.32,19.15 1 0
zrp/db.go:19.15,21.3 1 0
zrp/db.go:22.2,24.33 3 0
zrp/db.go:24.33,26.3 1 0
zrp/db.go:27.2,28.16 2 0
zrp/db.go:28.16,30.3 1 0
zrp/db.go:34.2,39.62 4 0
zrp/db.go:39.62,41.3 1 0
zrp/db.go:44.2,44.64 1 0
zrp/db.go:44.64,46.3 1 0
zrp/db.go:49.2,49.63 1 0
zrp/db.go:49.63,51.3 1 0
zrp/db.go:53.2,53.24 1 0
zrp/db.go:56.28,80.35 2 0
zrp/db.go:80.35,81.39 1 0
zrp/db.go:81.39,83.4 1 0
zrp/db.go:86.2,100.53 2 0
zrp/db.go:100.53,102.3 1 0
zrp/db.go:104.2,622.27 9 0
zrp/db.go:622.27,623.39 1 0
zrp/db.go:623.39,625.4 1 0
zrp/db.go:628.2,656.31 2 0
zrp/db.go:656.31,658.3 1 0
zrp/db.go:661.2,668.44 2 0
zrp/db.go:668.44,669.47 1 0
zrp/db.go:669.47,671.58 1 0
zrp/db.go:671.58,673.5 1 0
zrp/db.go:678.2,760.30 2 0
zrp/db.go:760.30,761.41 1 0
zrp/db.go:761.41,763.4 1 0
zrp/db.go:767.2,785.46 2 0
zrp/db.go:785.46,787.47 1 0
zrp/db.go:787.47,789.58 1 0
zrp/db.go:789.58,791.5 1 0
zrp/db.go:796.2,796.45 1 0
zrp/db.go:796.45,798.3 1 0
zrp/db.go:800.2,800.12 1 0
zrp/db.go:803.15,807.20 3 0
zrp/db.go:807.20,809.17 2 0
zrp/db.go:809.17,811.4 1 0
zrp/db.go:811.9,814.4 1 0
zrp/db.go:818.2,820.19 3 0
zrp/db.go:820.19,822.17 2 0
zrp/db.go:822.17,825.4 1 0
zrp/db.go:828.2,830.20 3 0
zrp/db.go:830.20,832.17 2 0
zrp/db.go:832.17,835.4 1 0
zrp/db.go:839.2,841.21 3 0
zrp/db.go:841.21,843.3 1 0
zrp/db.go:846.2,848.22 3 0
zrp/db.go:848.22,854.29 2 0
zrp/db.go:854.29,856.4 1 0
zrp/db.go:860.2,862.15 3 0
zrp/db.go:862.15,864.3 1 0
zrp/db.go:866.2,959.71 34 0
zrp/db.go:963.61,970.17 6 0
zrp/db.go:970.17,972.22 2 0
zrp/db.go:972.22,973.63 1 0
zrp/db.go:973.63,975.5 1 0
zrp/db.go:978.2,978.62 1 0
zrp/db.go:981.35,982.14 1 0
zrp/db.go:982.14,984.3 1 0
zrp/db.go:985.2,985.48 1 0
zrp/db.go:988.36,989.15 1 0
zrp/db.go:989.15,991.3 1 0
zrp/db.go:992.2,992.19 1 0
zrp/handler_advanced_search.go:15.67,17.63 2 0
zrp/handler_advanced_search.go:17.63,20.3 2 0
zrp/handler_advanced_search.go:23.2,23.22 1 0
zrp/handler_advanced_search.go:23.22,25.3 1 0
zrp/handler_advanced_search.go:26.2,26.27 1 0
zrp/handler_advanced_search.go:26.27,28.3 1 0
zrp/handler_advanced_search.go:31.2,31.28 1 0
zrp/handler_advanced_search.go:31.28,36.3 3 0
zrp/handler_advanced_search.go:38.2,39.16 2 0
zrp/handler_advanced_search.go:39.16,42.3 2 0
zrp/handler_advanced_search.go:45.2,47.21 2 0
zrp/handler_advanced_search.go:51.70,52.26 1 0
zrp/handler_advanced_search.go:53.15,54.28 1 0
zrp/handler_advanced_search.go:55.20,56.33 1 0
zrp/handler_advanced_search.go:57.14,58.27 1 0
zrp/handler_advanced_search.go:59.19,60.32 1 0
zrp/handler_advanced_search.go:61.14,62.27 1 0
zrp/handler_advanced_search.go:63.17,64.30 1 0
zrp/handler_advanced_search.go:65.13,66.26 1 0
zrp/handler_advanced_search.go:67.10,68.74 1 0
zrp/handler_advanced_search.go:73.60,75.16 2 0
zrp/handler_advanced_search.go:75.16,77.3 1 0
zrp/handler_advanced_search.go:80.2,81.24 2 0
zrp/handler_advanced_search.go:81.24,83.3 1 0
zrp/handler_advanced_search.go:83.8,85.3 1 0
zrp/handler_advanced_search.go:88.2,91.16 4 0
zrp/handler_advanced_search.go:91.16,93.3 1 0
zrp/handler_advanced_search.go:96.2,100.16 3 0
zrp/handler_advanced_search.go:100.16,102.3 1 0
zrp/handler_advanced_search.go:103.2,106.18 3 0
zrp/handler_advanced_search.go:106.18,108.65 2 0
zrp/handler_advanced_search.go:108.65,109.12 1 0
zrp/handler_advanced_search.go:112.3,120.30 4 0
zrp/handler_advanced_search.go:123.2,132.8 3 0
zrp/handler_advanced_search.go:136.65,138.16 2 0
zrp/handler_advanced_search.go:138.16,140.3 1 0
zrp/handler_advanced_search.go:142.2,143.24 2 0
zrp/handler_advanced_search.go:143.24,145.3 1 0
zrp/handler_advanced_search.go:145.8,147.3 1 0
zrp/handler_advanced_search.go:150.2,153.16 4 0
zrp/handler_advanced_search.go:153.16,155.3 1 0
zrp/handler_advanced_search.go:158.2,164.16 3 0
zrp/handler_advanced_search.go:164.16,166.3 1 0
zrp/handler_advanced_search.go:167.2,170.18 3 0
zrp/handler_advanced_search.go:170.18,176.85 4 0
zrp/handler_advanced_search.go:176.85,177.12 1 0
zrp/handler_advanced_search.go:180.3,194.24 2 0
zrp/handler_advanced_search.go:197.2,206.8 3 0
zrp/handler_advanced_search.go:210.59,212.16 2 0
zrp/handler_advanced_search.go:212.16,214.3 1 0
zrp/handler_advanced_search.go:216.2,217.24 2 0
zrp/handler_advanced_search.go:217.24,219.3 1 0
zrp/handler_advanced_search.go:219.8,221.3 1 0
zrp/handler_advanced_search.go:224.2,227.16 4 0
zrp/handler_advanced_search.go:227.16,229.3 1 0
zrp/handler_advanced_search.go:232.2,238.16 3 0
zrp/handler_advanced_search.go:238.16,240.3 1 0
zrp/handler_advanced_search.go:241.2,244.18 3 0
zrp/handler_advanced_search.go:244.18,249.78 3 0
zrp/handler_advanced_search.go:249.78,250.12 1 0
zrp/handler_advanced_search.go:253.3,266.27 2 0
zrp/handler_advanced_search.go:269.2,278.8 3 0
zrp/handler_advanced_search.go:282.64,284.16 2 0
zrp/handler_advanced_search.go:284.16,286.3 1 0
zrp/handler_advanced_search.go:288.2,289.24 2 0
zrp/handler_advanced_search.go:289.24,291.3 1 0
zrp/handler_advanced_search.go:291.8,293.3 1 0
zrp/handler_advanced_search.go:296.2,299.16 4 0
zrp/handler_advanced_search.go:299.16,301.3 1 0
zrp/handler_advanced_search.go:304.2,310.16 3 0
zrp/handler_advanced_search.go:310.16,312.3 1 0
zrp/handler_advanced_search.go:313.2,316.18 3 0
zrp/handler_advanced_search.go:316.18,322.61 4 0
zrp/handler_advanced_search.go:322.61,323.12 1 0
zrp/handler_advanced_search.go:326.3,337.30 2 0
zrp/handler_advanced_search.go:340.2,349.8 3 0
zrp/handler_advanced_search.go:353.59,355.16 2 0
zrp/handler_advanced_search.go:355.16,357.3 1 0
zrp/handler_advanced_search.go:359.2,360.24 2 0
zrp/handler_advanced_search.go:360.24,362.3 1 0
zrp/handler_advanced_search.go:362.8,364.3 1 0
zrp/handler_advanced_search.go:367.2,370.16 4 0
zrp/handler_advanced_search.go:370.16,372.3 1 0
zrp/handler_advanced_search.go:375.2,381.16 3 0
zrp/handler_advanced_search.go:381.16,383.3 1 0
zrp/handler_advanced_search.go:384.2,387.18 3 0
zrp/handler_advanced_search.go:387.18,393.104 4 0
zrp/handler_advanced_search.go:393.104,394.12 1 0
zrp/handler_advanced_search.go:397.3,412.27 2 0
zrp/handler_advanced_search.go:415.2,424.8 3 0
zrp/handler_advanced_search.go:428.62,430.16 2 0
zrp/handler_advanced_search.go:430.16,432.3 1 0
zrp/handler_advanced_search.go:434.2,435.24 2 0
zrp/handler_advanced_search.go:435.24,437.3 1 0
zrp/handler_advanced_search.go:437.8,439.3 1 0
zrp/handler_advanced_search.go:442.2,445.16 4 0
zrp/handler_advanced_search.go:445.16,447.3 1 0
zrp/handler_advanced_search.go:450.2,456.16 3 0
zrp/handler_advanced_search.go:456.16,458.3 1 0
zrp/handler_advanced_search.go:459.2,462.18 3 0
zrp/handler_advanced_search.go:462.18,467.70 3 0
zrp/handler_advanced_search.go:467.70,468.12 1 0
zrp/handler_advanced_search.go:471.3,483.36 2 0
zrp/handler_advanced_search.go:486.2,495.8 3 0
zrp/handler_advanced_search.go:499.58,501.16 2 0
zrp/handler_advanced_search.go:501.16,503.3 1 0
zrp/handler_advanced_search.go:505.2,506.24 2 0
zrp/handler_advanced_search.go:506.24,508.3 1 0
zrp/handler_advanced_search.go:508.8,510.3 1 0
zrp/handler_advanced_search.go:513.2,516.16 4 0
zrp/handler_advanced_search.go:516.16,518.3 1 0
zrp/handler_advanced_search.go:521.2,527.16 3 0
zrp/handler_advanced_search.go:527.16,529.3 1 0
zrp/handler_advanced_search.go:530.2,533.18 3 0
zrp/handler_advanced_search.go:533.18,539.49 4 0
zrp/handler_advanced_search.go:539.49,540.12 1 0
zrp/handler_advanced_search.go:543.3,554.24 2 0
zrp/handler_advanced_search.go:557.2,566.8 3 0
zrp/handler_advanced_search.go:571.68,573.69 2 0
zrp/handler_advanced_search.go:573.69,576.3 2 0
zrp/handler_advanced_search.go:578.2,590.16 6 0
zrp/handler_advanced_search.go:590.16,593.3 2 0
zrp/handler_advanced_search.go:595.2,595.26 1 0
zrp/handler_advanced_search.go:598.69,607.22 5 0
zrp/handler_advanced_search.go:607.22,610.3 2 0
zrp/handler_advanced_search.go:611.2,614.16 3 0
zrp/handler_advanced_search.go:614.16,617.3 2 0
zrp/handler_advanced_search.go:618.2,621.18 3 0
zrp/handler_advanced_search.go:621.18,625.71 3 0
zrp/handler_advanced_search.go:625.71,626.12 1 0
zrp/handler_advanced_search.go:628.3,629.33 2 0
zrp/handler_advanced_search.go:632.2,632.23 1 0
zrp/handler_advanced_search.go:635.70,641.16 4 0
zrp/handler_advanced_search.go:641.16,644.3 2 0
zrp/handler_advanced_search.go:646.2,647.15 2 0
zrp/handler_advanced_search.go:647.15,650.3 2 0
zrp/handler_advanced_search.go:652.2,652.54 1 0
zrp/handler_advanced_search.go:655.68,659.2 3 0
zrp/handler_advanced_search.go:661.69,666.46 4 0
zrp/handler_advanced_search.go:666.46,667.54 1 0
zrp/handler_advanced_search.go:667.54,669.4 1 0
zrp/handler_advanced_search.go:672.2,675.22 3 0
zrp/handler_advanced_search.go:675.22,678.3 2 0
zrp/handler_advanced_search.go:680.2,684.16 4 0
zrp/handler_advanced_search.go:684.16,687.3 2 0
zrp/handler_advanced_search.go:688.2,698.18 4 0
zrp/handler_advanced_search.go:698.18,700.108 2 0
zrp/handler_advanced_search.go:700.108,701.12 1 0
zrp/handler_advanced_search.go:703.3,703.35 1 0
zrp/handler_advanced_search.go:706.2,706.22 1 0
zrp/handler_advanced_search.go:709.55,713.2 2 0
zrp/handler_advanced_search.go:715.49,719.16 2 0
zrp/handler_advanced_search.go:719.16,721.3 1 0
zrp/handler_advanced_search.go:722.2,722.13 1 0
zrp/handler_apikeys.go:30.39,32.40 2 0
zrp/handler_apikeys.go:32.40,34.3 1 0
zrp/handler_apikeys.go:35.2,35.44 1 0
zrp/handler_apikeys.go:38.36,41.2 2 0
zrp/handler_apikeys.go:43.64,45.16 2 0
zrp/handler_apikeys.go:45.16,48.3 2 0
zrp/handler_apikeys.go:49.2,52.18 3 0
zrp/handler_apikeys.go:52.18,55.128 3 0
zrp/handler_apikeys.go:55.128,56.12 1 0
zrp/handler_apikeys.go:58.3,60.25 3 0
zrp/handler_apikeys.go:62.2,62.17 1 0
zrp/handler_apikeys.go:62.17,64.3 1 0
zrp/handler_apikeys.go:65.2,65.19 1 0
zrp/handler_apikeys.go:68.65,70.61 2 0
zrp/handler_apikeys.go:70.61,73.3 2 0
zrp/handler_apikeys.go:74.2,74.20 1 0
zrp/handler_apikeys.go:74.20,77.3 2 0
zrp/handler_apikeys.go:79.2,80.16 2 0
zrp/handler_apikeys.go:80.16,83.3 2 0
zrp/handler_apikeys.go:85.2,89.50 4 0
zrp/handler_apikeys.go:89.50,91.3 1 0
zrp/handler_apikeys.go:93.2,95.16 2 0
zrp/handler_apikeys.go:95.16,98.3 2 0
zrp/handler_apikeys.go:100.2,113.4 3 0
zrp/handler_apikeys.go:116.76,118.16 2 0
zrp/handler_apikeys.go:118.16,121.3 2 0
zrp/handler_apikeys.go:122.2,123.12 2 0
zrp/handler_apikeys.go:123.12,126.3 2 0
zrp/handler_apikeys.go:127.2,128.67 2 0
zrp/handler_apikeys.go:131.76,135.62 2 0
zrp/handler_apikeys.go:135.62,138.3 2 0
zrp/handler_apikeys.go:139.2,140.16 2 0
zrp/handler_apikeys.go:140.16,143.3 2 0
zrp/handler_apikeys.go:144.2,145.15 2 0
zrp/handler_apikeys.go:145.15,148.3 2 0
zrp/handler_apikeys.go:149.2,150.23 2 0
zrp/handler_apikeys.go:150.23,152.3 1 0
zrp/handler_apikeys.go:153.2,154.67 2 0
zrp/handler_apikeys.go:159.45,160.39 1 0
zrp/handler_apikeys.go:160.39,162.3 1 0
zrp/handler_apikeys.go:163.2,168.32 6 0
zrp/handler_apikeys.go:168.32,170.3 1 0
zrp/handler_apikeys.go:171.2,171.42 1 0
zrp/handler_apikeys.go:171.42,173.17 2 0
zrp/handler_apikeys.go:173.17,175.4 1 0
zrp/handler_apikeys.go:176.3,176.42 1 0
zrp/handler_apikeys.go:176.42,178.4 1 0
zrp/handler_apikeys.go:180.2,181.13 2 0
zrp/handler_apikeys.go:184.13,187.2 1 1
zrp/handler_attachments.go:26.69,31.60 3 0
zrp/handler_attachments.go:31.60,32.62 1 0
zrp/handler_attachments.go:32.62,34.4 1 0
zrp/handler_attachments.go:34.9,36.4 1 0
zrp/handler_attachments.go:37.3,37.9 1 0
zrp/handler_attachments.go:40.2,42.36 3 0
zrp/handler_attachments.go:42.36,45.3 2 0
zrp/handler_attachments.go:47.2,48.16 2 0
zrp/handler_attachments.go:48.16,51.3 2 0
zrp/handler_attachments.go:52.2,60.20 5 0
zrp/handler_attachments.go:60.20,63.3 2 0
zrp/handler_attachments.go:66.2,75.16 6 0
zrp/handler_attachments.go:75.16,78.3 2 0
zrp/handler_attachments.go:79.2,81.16 3 0
zrp/handler_attachments.go:81.16,84.3 2 0
zrp/handler_attachments.go:87.2,88.38 2 0
zrp/handler_attachments.go:88.38,90.3 1 0
zrp/handler_attachments.go:92.2,95.16 3 0
zrp/handler_attachments.go:95.16,98.3 2 0
zrp/handler_attachments.go:100.2,111.4 3 0
zrp/handler_attachments.go:114.68,117.36 3 0
zrp/handler_attachments.go:117.36,120.3 2 0
zrp/handler_attachments.go:121.2,123.16 2 0
zrp/handler_attachments.go:123.16,126.3 2 0
zrp/handler_attachments.go:127.2,129.18 3 0
zrp/handler_attachments.go:129.18,133.3 3 0
zrp/handler_attachments.go:134.2,134.17 1 0
zrp/handler_attachments.go:134.17,136.3 1 0
zrp/handler_attachments.go:137.2,137.19 1 0
zrp/handler_attachments.go:140.79,142.49 2 0
zrp/handler_attachments.go:142.49,145.3 2 0
zrp/handler_attachments.go:146.2,147.28 2 0
zrp/handler_attachments.go:150.83,152.16 2 0
zrp/handler_attachments.go:152.16,155.3 2 0
zrp/handler_attachments.go:156.2,158.16 3 0
zrp/handler_attachments.go:158.16,161.3 2 0
zrp/handler_attachments.go:163.2,164.16 2 0
zrp/handler_attachments.go:164.16,167.3 2 0
zrp/handler_attachments.go:169.2,170.15 2 0
zrp/handler_attachments.go:170.15,173.3 2 0
zrp/handler_attachments.go:176.2,177.44 2 0
zrp/handler_attachments.go:177.44,180.3 1 0
zrp/handler_attachments.go:182.2,183.53 2 0
zrp/handler_attachments.go:186.85,188.16 2 0
zrp/handler_attachments.go:188.16,191.3 2 0
zrp/handler_attachments.go:192.2,194.16 3 0
zrp/handler_attachments.go:194.16,197.3 2 0
zrp/handler_attachments.go:198.2,199.53 2 0
zrp/handler_attachments.go:199.53,202.3 2 0
zrp/handler_attachments.go:203.2,203.20 1 0
zrp/handler_attachments.go:203.20,205.3 1 0
zrp/handler_attachments.go:206.2,207.32 2 0
zrp/handler_auth.go:21.42,30.46 6 0
zrp/handler_auth.go:30.46,31.22 1 0
zrp/handler_auth.go:31.22,33.4 1 0
zrp/handler_auth.go:35.2,37.22 2 0
zrp/handler_auth.go:37.22,39.3 1 0
zrp/handler_auth.go:41.2,42.13 2 0
zrp/handler_auth.go:45.28,49.2 3 0
zrp/handler_auth.go:51.42,52.55 1 0
zrp/handler_auth.go:52.55,54.3 1 0
zrp/handler_auth.go:55.2,56.13 2 0
zrp/handler_auth.go:71.58,74.30 2 0
zrp/handler_auth.go:74.30,77.3 2 0
zrp/handler_auth.go:79.2,80.61 2 0
zrp/handler_auth.go:80.61,83.3 2 0
zrp/handler_auth.go:86.2,87.26 2 0
zrp/handler_auth.go:87.26,90.3 2 0
zrp/handler_auth.go:92.2,97.16 5 0
zrp/handler_auth.go:97.16,100.3 2 0
zrp/handler_auth.go:102.2,102.98 1 0
zrp/handler_auth.go:102.98,107.3 3 0
zrp/handler_auth.go:109.2,109.17 1 0
zrp/handler_auth.go:109.17,112.3 2 0
zrp/handler_auth.go:115.2,123.25 5 0
zrp/handler_auth.go:123.25,127.17 3 0
zrp/handler_auth.go:127.17,128.9 1 0
zrp/handler_auth.go:130.3,130.37 1 0
zrp/handler_auth.go:132.2,132.16 1 0
zrp/handler_auth.go:132.16,135.3 2 0
zrp/handler_auth.go:138.2,152.16 4 0
zrp/handler_auth.go:152.16,155.3 1 0
zrp/handler_auth.go:157.2,161.4 2 0
zrp/handler_auth.go:164.59,166.16 2 0
zrp/handler_auth.go:166.16,168.3 1 0
zrp/handler_auth.go:170.2,179.62 3 0
zrp/handler_auth.go:182.55,184.16 2 0
zrp/handler_auth.go:184.16,189.3 4 0
zrp/handler_auth.go:191.2,198.16 5 0
zrp/handler_auth.go:198.16,203.3 4 0
zrp/handler_auth.go:206.2,206.24 1 0
zrp/handler_auth.go:206.24,215.34 4 0
zrp/handler_auth.go:215.34,217.23 2 0
zrp/handler_auth.go:217.23,218.10 1 0
zrp/handler_auth.go:222.3,222.22 1 0
zrp/handler_auth.go:222.22,224.41 2 0
zrp/handler_auth.go:224.41,231.5 5 0
zrp/handler_auth.go:236.2,242.4 3 0
zrp/handler_auth.go:245.67,247.24 2 0
zrp/handler_auth.go:247.24,250.3 2 0
zrp/handler_auth.go:252.2,256.61 2 0
zrp/handler_auth.go:256.61,259.3 2 0
zrp/handler_auth.go:260.2,260.56 1 0
zrp/handler_auth.go:260.56,263.3 2 0
zrp/handler_auth.go:266.2,266.66 1 0
zrp/handler_auth.go:266.66,269.3 2 0
zrp/handler_auth.go:271.2,273.16 3 0
zrp/handler_auth.go:273.16,276.3 2 0
zrp/handler_auth.go:278.2,278.104 1 0
zrp/handler_auth.go:278.104,281.3 2 0
zrp/handler_auth.go:284.2,284.70 1 0
zrp/handler_auth.go:284.70,287.3 2 0
zrp/handler_auth.go:289.2,290.16 2 0
zrp/handler_auth.go:290.16,293.3 2 0
zrp/handler_auth.go:295.2,296.16 2 0
zrp/handler_auth.go:296.16,299.3 2 0
zrp/handler_auth.go:302.2,304.62 2 0
zrp/handler_auth.go:307.29,311.2 3 0
zrp/handler_auth.go:314.52,328.16 6 0
zrp/handler_auth.go:328.16,330.3 1 0
zrp/handler_auth.go:332.2,332.19 1 0
zrp/handler_auth.go:336.65,338.24 2 0
zrp/handler_auth.go:338.24,341.3 2 0
zrp/handler_auth.go:343.2,344.16 2 0
zrp/handler_auth.go:344.16,347.3 2 0
zrp/handler_auth.go:349.2,353.4 2 0
zrp/handler_backup.go:28.41,30.22 2 0
zrp/handler_backup.go:30.22,32.3 1 0
zrp/handler_backup.go:34.2,34.12 1 0
zrp/handler_backup.go:34.12,35.7 1 0
zrp/handler_backup.go:35.7,38.24 3 0
zrp/handler_backup.go:38.24,40.5 1 0
zrp/handler_backup.go:41.4,44.42 3 0
zrp/handler_backup.go:44.42,46.5 1 0
zrp/handler_backup.go:46.10,49.5 2 0
zrp/handler_backup.go:54.28,58.53 3 0
zrp/handler_backup.go:58.53,60.3 1 0
zrp/handler_backup.go:62.2,67.16 5 0
zrp/handler_backup.go:67.16,69.3 1 0
zrp/handler_backup.go:71.2,71.12 1 0
zrp/handler_backup.go:74.24,76.16 2 0
zrp/handler_backup.go:76.16,79.3 2 0
zrp/handler_backup.go:81.2,81.37 1 0
zrp/handler_backup.go:81.37,83.3 1 0
zrp/handler_backup.go:86.2,86.42 1 0
zrp/handler_backup.go:86.42,88.3 1 0
zrp/handler_backup.go:90.2,90.52 1 0
zrp/handler_backup.go:90.52,92.41 2 0
zrp/handler_backup.go:92.41,94.4 1 0
zrp/handler_backup.go:94.9,96.4 1 0
zrp/handler_backup.go:100.42,102.16 2 0
zrp/handler_backup.go:102.16,103.25 1 0
zrp/handler_backup.go:103.25,105.4 1 0
zrp/handler_backup.go:106.3,106.18 1 0
zrp/handler_backup.go:109.2,110.28 2 0
zrp/handler_backup.go:110.28,111.102 1 0
zrp/handler_backup.go:111.102,112.12 1 0
zrp/handler_backup.go:114.3,115.17 2 0
zrp/handler_backup.go:115.17,116.12 1 0
zrp/handler_backup.go:118.3,122.5 1 0
zrp/handler_backup.go:126.2,126.42 1 0
zrp/handler_backup.go:126.42,128.3 1 0
zrp/handler_backup.go:130.2,130.21 1 0
zrp/handler_backup.go:133.65,134.40 1 0
zrp/handler_backup.go:134.40,137.3 2 0
zrp/handler_backup.go:138.2,138.77 1 0
zrp/handler_backup.go:141.64,143.16 2 0
zrp/handler_backup.go:143.16,146.3 2 0
zrp/handler_backup.go:147.2,147.22 1 0
zrp/handler_backup.go:150.82,151.73 1 0
zrp/handler_backup.go:151.73,154.3 2 0
zrp/handler_backup.go:156.2,157.40 2 0
zrp/handler_backup.go:157.40,158.25 1 0
zrp/handler_backup.go:158.25,160.4 1 0
zrp/handler_backup.go:160.9,162.4 1 0
zrp/handler_backup.go:163.3,163.9 1 0
zrp/handler_backup.go:165.2,165.48 1 0
zrp/handler_backup.go:168.84,169.73 1 0
zrp/handler_backup.go:169.73,172.3 2 0
zrp/handler_backup.go:174.2,176.16 3 0
zrp/handler_backup.go:176.16,177.25 1 0
zrp/handler_backup.go:177.25,179.4 1 0
zrp/handler_backup.go:179.9,181.4 1 0
zrp/handler_backup.go:182.3,182.9 1 0
zrp/handler_backup.go:184.2,190.15 6 0
zrp/handler_backup.go:193.66,197.66 2 0
zrp/handler_backup.go:197.66,200.3 2 0
zrp/handler_backup.go:202.2,202.81 1 0
zrp/handler_backup.go:202.81,205.3 2 0
zrp/handler_backup.go:207.2,208.55 2 0
zrp/handler_backup.go:208.55,211.3 2 0
zrp/handler_backup.go:214.2,214.40 1 0
zrp/handler_backup.go:214.40,216.3 1 0
zrp/handler_backup.go:219.2,220.16 2 0
zrp/handler_backup.go:220.16,223.3 2 0
zrp/handler_backup.go:226.2,226.61 1 0
zrp/handler_backup.go:226.61,229.3 2 0
zrp/handler_backup.go:232.2,233.43 2 0
zrp/handler_backup.go:233.43,236.3 2 0
zrp/handler_backup.go:238.2,238.101 1 0
zrp/handler_bulk.go:22.61,24.61 2 0
zrp/handler_bulk.go:24.61,26.3 2 0
zrp/handler_bulk.go:27.2,28.26 2 0
zrp/handler_bulk.go:28.26,30.3 2 0
zrp/handler_bulk.go:31.2,34.29 4 0
zrp/handler_bulk.go:34.29,37.18 3 0
zrp/handler_bulk.go:37.18,38.80 3 0
zrp/handler_bulk.go:40.3,41.21 2 0
zrp/handler_bulk.go:42.18,43.129 1 0
zrp/handler_bulk.go:44.20,45.93 1 0
zrp/handler_bulk.go:46.17,47.90 1 0
zrp/handler_bulk.go:48.17,50.55 2 0
zrp/handler_bulk.go:52.3,52.17 1 0
zrp/handler_bulk.go:52.17,54.4 2 0
zrp/handler_bulk.go:54.9,57.4 2 0
zrp/handler_bulk.go:59.2,59.19 1 0
zrp/handler_bulk.go:62.67,64.61 2 0
zrp/handler_bulk.go:64.61,66.3 2 0
zrp/handler_bulk.go:67.2,68.26 2 0
zrp/handler_bulk.go:68.26,70.3 2 0
zrp/handler_bulk.go:71.2,74.29 4 0
zrp/handler_bulk.go:74.29,77.18 3 0
zrp/handler_bulk.go:77.18,78.80 3 0
zrp/handler_bulk.go:80.3,81.21 2 0
zrp/handler_bulk.go:82.19,83.100 1 0
zrp/handler_bulk.go:84.17,85.80 1 0
zrp/handler_bulk.go:86.17,88.62 2 0
zrp/handler_bulk.go:90.3,90.17 1 0
zrp/handler_bulk.go:90.17,92.4 2 0
zrp/handler_bulk.go:92.9,95.4 2 0
zrp/handler_bulk.go:97.2,97.19 1 0
zrp/handler_bulk.go:100.61,102.61 2 0
zrp/handler_bulk.go:102.61,104.3 2 0
zrp/handler_bulk.go:105.2,106.26 2 0
zrp/handler_bulk.go:106.26,108.3 2 0
zrp/handler_bulk.go:109.2,112.29 4 0
zrp/handler_bulk.go:112.29,115.18 3 0
zrp/handler_bulk.go:115.18,116.80 3 0
zrp/handler_bulk.go:118.3,119.21 2 0
zrp/handler_bulk.go:120.16,121.89 1 0
zrp/handler_bulk.go:122.18,123.91 1 0
zrp/handler_bulk.go:124.17,126.55 2 0
zrp/handler_bulk.go:128.3,128.17 1 0
zrp/handler_bulk.go:128.17,130.4 2 0
zrp/handler_bulk.go:130.9,133.4 2 0
zrp/handler_bulk.go:135.2,135.19 1 0
zrp/handler_bulk.go:138.64,140.61 2 0
zrp/handler_bulk.go:140.61,142.3 2 0
zrp/handler_bulk.go:143.2,144.26 2 0
zrp/handler_bulk.go:144.26,146.3 2 0
zrp/handler_bulk.go:147.2,149.29 3 0
zrp/handler_bulk.go:149.29,152.18 3 0
zrp/handler_bulk.go:152.18,153.80 3 0
zrp/handler_bulk.go:155.3,156.21 2 0
zrp/handler_bulk.go:157.23,158.92 1 0
zrp/handler_bulk.go:159.17,161.69 2 0
zrp/handler_bulk.go:163.3,163.17 1 0
zrp/handler_bulk.go:163.17,165.4 2 0
zrp/handler_bulk.go:165.9,168.4 2 0
zrp/handler_bulk.go:170.2,170.19 1 0
zrp/handler_bulk.go:173.66,175.61 2 0
zrp/handler_bulk.go:175.61,177.3 2 0
zrp/handler_bulk.go:178.2,178.28 1 0
zrp/handler_bulk.go:178.28,180.3 2 0
zrp/handler_bulk.go:181.2,183.29 3 0
zrp/handler_bulk.go:183.29,186.18 3 0
zrp/handler_bulk.go:186.18,187.80 3 0
zrp/handler_bulk.go:189.3,191.17 3 0
zrp/handler_bulk.go:191.17,193.4 2 0
zrp/handler_bulk.go:193.9,196.4 2 0
zrp/handler_bulk.go:198.2,198.19 1 0
zrp/handler_bulk.go:201.61,203.61 2 0
zrp/handler_bulk.go:203.61,205.3 2 0
zrp/handler_bulk.go:206.2,207.26 2 0
zrp/handler_bulk.go:207.26,209.3 2 0
zrp/handler_bulk.go:210.2,213.29 4 0
zrp/handler_bulk.go:213.29,216.18 3 0
zrp/handler_bulk.go:216.18,217.80 3 0
zrp/handler_bulk.go:219.3,220.21 2 0
zrp/handler_bulk.go:221.16,222.89 1 0
zrp/handler_bulk.go:223.17,225.55 2 0
zrp/handler_bulk.go:227.3,227.17 1 0
zrp/handler_bulk.go:227.17,229.4 2 0
zrp/handler_bulk.go:229.9,232.4 2 0
zrp/handler_bulk.go:234.2,234.19 1 0
zrp/handler_bulk.go:237.62,239.61 2 0
zrp/handler_bulk.go:239.61,241.3 2 0
zrp/handler_bulk.go:242.2,243.26 2 0
zrp/handler_bulk.go:243.26,245.3 2 0
zrp/handler_bulk.go:246.2,248.29 3 0
zrp/handler_bulk.go:248.29,251.18 3 0
zrp/handler_bulk.go:251.18,252.80 3 0
zrp/handler_bulk.go:254.3,255.21 2 0
zrp/handler_bulk.go:256.18,257.74 1 0
zrp/handler_bulk.go:258.17,260.57 2 0
zrp/handler_bulk.go:262.3,262.17 1 0
zrp/handler_bulk.go:262.17,264.4 2 0
zrp/handler_bulk.go:264.9,267.4 2 0
zrp/handler_bulk.go:269.2,269.19 1 0
zrp/handler_bulk.go:272.71,274.61 2 0
zrp/handler_bulk.go:274.61,276.3 2 0
zrp/handler_bulk.go:277.2,278.26 2 0
zrp/handler_bulk.go:278.26,280.3 2 0
zrp/handler_bulk.go:281.2,284.29 4 0
zrp/handler_bulk.go:284.29,287.18 3 0
zrp/handler_bulk.go:287.18,288.80 3 0
zrp/handler_bulk.go:290.3,291.21 2 0
zrp/handler_bulk.go:292.18,293.122 1 0
zrp/handler_bulk.go:294.17,295.84 1 0
zrp/handler_bulk.go:296.17,298.66 2 0
zrp/handler_bulk.go:300.3,300.17 1 0
zrp/handler_bulk.go:300.17,302.4 2 0
zrp/handler_bulk.go:302.9,305.4 2 0
zrp/handler_bulk.go:307.2,307.19 1 0
zrp/handler_bulk_update.go:37.72,39.61 2 0
zrp/handler_bulk_update.go:39.61,42.3 2 0
zrp/handler_bulk_update.go:43.2,43.23 1 0
zrp/handler_bulk_update.go:43.23,46.3 2 0
zrp/handler_bulk_update.go:47.2,47.27 1 0
zrp/handler_bulk_update.go:47.27,50.3 2 0
zrp/handler_bulk_update.go:51.2,51.33 1 0
zrp/handler_bulk_update.go:51.33,52.43 1 0
zrp/handler_bulk_update.go:52.43,55.4 2 0
zrp/handler_bulk_update.go:58.2,62.29 4 0
zrp/handler_bulk_update.go:62.29,65.18 3 0
zrp/handler_bulk_update.go:65.18,68.12 3 0
zrp/handler_bulk_update.go:72.3,74.41 3 0
zrp/handler_bulk_update.go:74.41,77.4 2 0
zrp/handler_bulk_update.go:78.3,80.17 3 0
zrp/handler_bulk_update.go:80.17,83.4 2 0
zrp/handler_bulk_update.go:83.9,86.4 2 0
zrp/handler_bulk_update.go:88.2,88.19 1 0
zrp/handler_bulk_update.go:91.73,93.61 2 0
zrp/handler_bulk_update.go:93.61,96.3 2 0
zrp/handler_bulk_update.go:97.2,97.23 1 0
zrp/handler_bulk_update.go:97.23,100.3 2 0
zrp/handler_bulk_update.go:101.2,101.27 1 0
zrp/handler_bulk_update.go:101.27,104.3 2 0
zrp/handler_bulk_update.go:105.2,105.33 1 0
zrp/handler_bulk_update.go:105.33,106.43 1 0
zrp/handler_bulk_update.go:106.43,109.4 2 0
zrp/handler_bulk_update.go:113.2,113.40 1 0
zrp/handler_bulk_update.go:113.40,115.24 2 0
zrp/handler_bulk_update.go:115.24,118.4 2 0
zrp/handler_bulk_update.go:120.2,120.42 1 0
zrp/handler_bulk_update.go:120.42,122.26 2 0
zrp/handler_bulk_update.go:122.26,125.4 2 0
zrp/handler_bulk_update.go:128.2,131.29 3 0
zrp/handler_bulk_update.go:131.29,134.18 3 0
zrp/handler_bulk_update.go:134.18,137.12 3 0
zrp/handler_bulk_update.go:140.3,142.41 3 0
zrp/handler_bulk_update.go:142.41,143.24 1 0
zrp/handler_bulk_update.go:143.24,145.5 1 0
zrp/handler_bulk_update.go:146.4,147.30 2 0
zrp/handler_bulk_update.go:149.3,151.17 3 0
zrp/handler_bulk_update.go:151.17,154.4 2 0
zrp/handler_bulk_update.go:154.9,157.4 2 0
zrp/handler_bulk_update.go:159.2,159.19 1 0
zrp/handler_bulk_update.go:162.70,164.61 2 0
zrp/handler_bulk_update.go:164.61,167.3 2 0
zrp/handler_bulk_update.go:168.2,168.23 1 0
zrp/handler_bulk_update.go:168.23,171.3 2 0
zrp/handler_bulk_update.go:172.2,172.27 1 0
zrp/handler_bulk_update.go:172.27,175.3 2 0
zrp/handler_bulk_update.go:176.2,176.33 1 0
zrp/handler_bulk_update.go:176.33,177.40 1 0
zrp/handler_bulk_update.go:177.40,180.4 2 0
zrp/handler_bulk_update.go:183.2,183.40 1 0
zrp/handler_bulk_update.go:183.40,185.24 2 0
zrp/handler_bulk_update.go:185.24,188.4 2 0
zrp/handler_bulk_update.go:191.2,194.29 3 0
zrp/handler_bulk_update.go:194.29,197.18 3 0
zrp/handler_bulk_update.go:197.18,200.12 3 0
zrp/handler_bulk_update.go:203.3,205.41 3 0
zrp/handler_bulk_update.go:205.41,206.24 1 0
zrp/handler_bulk_update.go:206.24,208.5 1 0
zrp/handler_bulk_update.go:209.4,210.30 2 0
zrp/handler_bulk_update.go:212.3,214.17 3 0
zrp/handler_bulk_update.go:214.17,217.4 2 0
zrp/handler_bulk_update.go:217.9,220.4 2 0
zrp/handler_bulk_update.go:222.2,222.19 1 0
zrp/handler_bulk_update.go:225.68,227.61 2 0
zrp/handler_bulk_update.go:227.61,230.3 2 0
zrp/handler_bulk_update.go:231.2,231.23 1 0
zrp/handler_bulk_update.go:231.23,234.3 2 0
zrp/handler_bulk_update.go:235.2,235.27 1 0
zrp/handler_bulk_update.go:235.27,238.3 2 0
zrp/handler_bulk_update.go:239.2,239.33 1 0
zrp/handler_bulk_update.go:239.33,240.38 1 0
zrp/handler_bulk_update.go:240.38,243.4 2 0
zrp/handler_bulk_update.go:246.2,250.29 4 0
zrp/handler_bulk_update.go:250.29,253.18 3 0
zrp/handler_bulk_update.go:253.18,256.12 3 0
zrp/handler_bulk_update.go:259.3,261.41 3 0
zrp/handler_bulk_update.go:261.41,264.4 2 0
zrp/handler_bulk_update.go:265.3,267.17 3 0
zrp/handler_bulk_update.go:267.17,270.4 2 0
zrp/handler_bulk_update.go:270.9,273.4 2 0
zrp/handler_bulk_update.go:275.2,275.19 1 0
zrp/handler_bulk_update.go:278.67,280.61 2 0
zrp/handler_bulk_update.go:280.61,283.3 2 0
zrp/handler_bulk_update.go:284.2,284.23 1 0
zrp/handler_bulk_update.go:284.23,287.3 2 0
zrp/handler_bulk_update.go:288.2,288.27 1 0
zrp/handler_bulk_update.go:288.27,291.3 2 0
zrp/handler_bulk_update.go:292.2,292.33 1 0
zrp/handler_bulk_update.go:292.33,293.37 1 0
zrp/handler_bulk_update.go:293.37,296.4 2 0
zrp/handler_bulk_update.go:299.2,299.40 1 0
zrp/handler_bulk_update.go:299.40,301.24 2 0
zrp/handler_bulk_update.go:301.24,304.4 2 0
zrp/handler_bulk_update.go:307.2,311.29 4 0
zrp/handler_bulk_update.go:311.29,314.18 3 0
zrp/handler_bulk_update.go:314.18,317.12 3 0
zrp/handler_bulk_update.go:320.3,322.41 3 0
zrp/handler_bulk_update.go:322.41,325.4 2 0
zrp/handler_bulk_update.go:326.3,328.17 3 0
zrp/handler_bulk_update.go:328.17,331.4 2 0
zrp/handler_bulk_update.go:331.9,334.4 2 0
zrp/handler_bulk_update.go:336.2,336.19 1 0
zrp/handler_calendar.go:18.61,24.19 6 0
zrp/handler_calendar.go:24.19,25.50 1 0
zrp/handler_calendar.go:25.50,25.62 1 0
zrp/handler_calendar.go:27.2,27.20 1 0
zrp/handler_calendar.go:27.20,28.51 1 0
zrp/handler_calendar.go:28.51,28.64 1 0
zrp/handler_calendar.go:31.2,45.16 5 0
zrp/handler_calendar.go:45.16,47.19 2 0
zrp/handler_calendar.go:47.19,51.26 4 0
zrp/handler_calendar.go:51.26,51.52 1 0
zrp/handler_calendar.go:52.4,53.19 2 0
zrp/handler_calendar.go:53.19,53.36 1 0
zrp/handler_calendar.go:54.4,54.113 1 0
zrp/handler_calendar.go:59.2,60.16 2 0
zrp/handler_calendar.go:60.16,62.20 2 0
zrp/handler_calendar.go:62.20,65.26 3 0
zrp/handler_calendar.go:65.26,65.52 1 0
zrp/handler_calendar.go:66.4,67.19 2 0
zrp/handler_calendar.go:67.19,67.36 1 0
zrp/handler_calendar.go:68.4,68.107 1 0
zrp/handler_calendar.go:73.2,74.16 2 0
zrp/handler_calendar.go:74.16,76.20 2 0
zrp/handler_calendar.go:76.20,79.29 3 0
zrp/handler_calendar.go:79.29,79.61 1 0
zrp/handler_calendar.go:80.4,81.22 2 0
zrp/handler_calendar.go:81.22,81.79 1 0
zrp/handler_calendar.go:82.4,82.114 1 0
zrp/handler_calendar.go:86.2,86.19 1 0
zrp/handler_calendar.go:86.19,86.49 1 0
zrp/handler_calendar.go:87.2,87.21 1 0
zrp/handler_capa.go:31.62,37.16 2 0
zrp/handler_capa.go:37.16,40.3 2 0
zrp/handler_capa.go:41.2,43.18 3 0
zrp/handler_capa.go:43.18,53.3 6 0
zrp/handler_capa.go:54.2,54.18 1 0
zrp/handler_capa.go:54.18,56.3 1 0
zrp/handler_capa.go:57.2,57.20 1 0
zrp/handler_capa.go:60.71,72.16 4 0
zrp/handler_capa.go:72.16,75.3 2 0
zrp/handler_capa.go:76.2,78.16 3 0
zrp/handler_capa.go:81.63,83.42 2 0
zrp/handler_capa.go:83.42,86.3 2 0
zrp/handler_capa.go:88.2,95.18 8 0
zrp/handler_capa.go:95.18,95.70 1 0
zrp/handler_capa.go:96.2,96.20 1 0
zrp/handler_capa.go:96.20,96.79 1 0
zrp/handler_capa.go:97.2,98.20 2 0
zrp/handler_capa.go:98.20,98.59 2 0
zrp/handler_capa.go:100.2,101.20 2 0
zrp/handler_capa.go:101.20,103.3 1 0
zrp/handler_capa.go:104.2,104.18 1 0
zrp/handler_capa.go:104.18,106.3 1 0
zrp/handler_capa.go:107.2,111.16 3 0
zrp/handler_capa.go:111.16,114.3 2 0
zrp/handler_capa.go:115.2,120.16 6 0
zrp/handler_capa.go:123.74,128.16 5 0
zrp/handler_capa.go:128.16,131.3 2 0
zrp/handler_capa.go:133.2,134.45 2 0
zrp/handler_capa.go:134.45,137.3 2 0
zrp/handler_capa.go:139.2,139.39 1 0
zrp/handler_capa.go:139.39,140.41 1 0
zrp/handler_capa.go:140.41,142.4 1 0
zrp/handler_capa.go:143.3,143.12 1 0
zrp/handler_capa.go:146.2,168.20 19 0
zrp/handler_capa.go:168.20,168.59 2 0
zrp/handler_capa.go:170.2,173.52 2 0
zrp/handler_capa.go:173.52,176.3 2 0
zrp/handler_capa.go:177.2,177.71 1 0
zrp/handler_capa.go:177.71,180.3 2 0
zrp/handler_capa.go:183.2,194.16 4 0
zrp/handler_capa.go:194.16,197.3 2 0
zrp/handler_capa.go:200.2,200.17 1 0
zrp/handler_capa.go:200.17,200.46 1 0
zrp/handler_capa.go:201.2,201.20 1 0
zrp/handler_capa.go:201.20,201.51 1 0
zrp/handler_capa.go:202.2,202.23 1 0
zrp/handler_capa.go:202.23,202.64 1 0
zrp/handler_capa.go:203.2,203.23 1 0
zrp/handler_capa.go:203.23,203.64 1 0
zrp/handler_capa.go:204.2,204.21 1 0
zrp/handler_capa.go:204.21,204.58 1 0
zrp/handler_capa.go:205.2,205.22 1 0
zrp/handler_capa.go:205.22,205.61 1 0
zrp/handler_capa.go:206.2,206.17 1 0
zrp/handler_capa.go:206.17,206.46 1 0
zrp/handler_capa.go:207.2,207.19 1 0
zrp/handler_capa.go:207.19,207.52 1 0
zrp/handler_capa.go:208.2,208.30 1 0
zrp/handler_capa.go:208.30,208.85 1 0
zrp/handler_capa.go:211.2,216.68 4 0
zrp/handler_capa.go:216.68,217.31 1 0
zrp/handler_capa.go:217.31,220.4 2 0
zrp/handler_capa.go:221.3,222.16 2 0
zrp/handler_capa.go:226.2,226.71 1 0
zrp/handler_capa.go:226.71,227.36 1 0
zrp/handler_capa.go:227.36,230.4 2 0
zrp/handler_capa.go:231.3,232.17 2 0
zrp/handler_capa.go:236.2,237.18 2 0
zrp/handler_capa.go:237.18,239.3 1 0
zrp/handler_capa.go:242.2,244.60 1 0
zrp/handler_capa.go:244.60,247.3 2 0
zrp/handler_capa.go:249.2,256.16 2 0
zrp/handler_capa.go:256.16,259.3 2 0
zrp/handler_capa.go:261.2,265.25 4 0
zrp/handler_capa.go:268.65,280.16 4 0
zrp/handler_capa.go:280.16,282.3 1 0
zrp/handler_capa.go:283.2,289.8 1 0
zrp/handler_capa.go:293.66,305.16 4 0
zrp/handler_capa.go:305.16,308.3 2 0
zrp/handler_capa.go:309.2,312.18 3 0
zrp/handler_capa.go:312.18,316.3 3 0
zrp/handler_capa.go:317.2,317.22 1 0
zrp/handler_capa.go:317.22,319.3 1 0
zrp/handler_capa.go:322.2,330.4 4 0
zrp/handler_capa.go:334.33,340.17 4 0
zrp/handler_capa.go:340.17,342.19 2 0
zrp/handler_capa.go:342.19,346.4 3 0
zrp/handler_capa.go:351.26,355.16 3 0
zrp/handler_capa.go:355.16,357.3 1 0
zrp/handler_capa.go:358.2,360.18 2 0
zrp/handler_capa.go:360.18,369.21 6 0
zrp/handler_capa.go:369.21,370.23 1 0
zrp/handler_capa.go:370.23,374.5 3 0
zrp/handler_capa.go:375.4,375.19 1 0
zrp/handler_changes.go:25.99,31.16 2 0
zrp/handler_changes.go:31.16,33.3 1 0
zrp/handler_changes.go:34.2,43.16 3 0
zrp/handler_changes.go:47.115,49.20 2 0
zrp/handler_changes.go:49.20,52.3 2 0
zrp/handler_changes.go:53.2,53.20 1 0
zrp/handler_changes.go:53.20,56.3 2 0
zrp/handler_changes.go:57.2,57.77 1 0
zrp/handler_changes.go:61.66,65.20 4 0
zrp/handler_changes.go:65.20,66.72 1 0
zrp/handler_changes.go:66.72,68.4 1 0
zrp/handler_changes.go:71.2,77.16 2 0
zrp/handler_changes.go:77.16,80.3 2 0
zrp/handler_changes.go:81.2,84.18 3 0
zrp/handler_changes.go:84.18,88.3 3 0
zrp/handler_changes.go:89.2,89.20 1 0
zrp/handler_changes.go:89.20,91.3 1 0
zrp/handler_changes.go:92.2,92.22 1 0
zrp/handler_changes.go:96.77,98.16 2 0
zrp/handler_changes.go:98.16,101.3 2 0
zrp/handler_changes.go:103.2,110.16 4 0
zrp/handler_changes.go:110.16,113.3 2 0
zrp/handler_changes.go:115.2,115.23 1 0
zrp/handler_changes.go:115.23,118.3 2 0
zrp/handler_changes.go:121.2,121.25 1 0
zrp/handler_changes.go:122.16,124.72 1 0
zrp/handler_changes.go:124.72,127.4 2 0
zrp/handler_changes.go:128.16,130.88 1 0
zrp/handler_changes.go:130.88,133.4 2 0
zrp/handler_changes.go:134.16,136.88 1 0
zrp/handler_changes.go:136.88,139.4 2 0
zrp/handler_changes.go:140.10,142.9 2 0
zrp/handler_changes.go:146.2,150.25 3 0
zrp/handler_changes.go:151.16,152.23 1 0
zrp/handler_changes.go:153.16,154.23 1 0
zrp/handler_changes.go:155.16,156.23 1 0
zrp/handler_changes.go:159.2,170.4 3 0
zrp/handler_changes.go:174.54,177.16 2 0
zrp/handler_changes.go:177.16,179.3 1 0
zrp/handler_changes.go:181.2,185.16 3 0
zrp/handler_changes.go:185.16,187.3 1 0
zrp/handler_changes.go:189.2,190.12 2 0
zrp/handler_changes.go:194.65,196.19 1 0
zrp/handler_changes.go:197.14,198.30 1 0
zrp/handler_changes.go:199.21,200.36 1 0
zrp/handler_changes.go:201.14,202.30 1 0
zrp/handler_changes.go:203.17,204.33 1 0
zrp/handler_changes.go:205.19,206.36 1 0
zrp/handler_changes.go:207.14,208.30 1 0
zrp/handler_changes.go:209.17,210.33 1 0
zrp/handler_changes.go:211.16,212.32 1 0
zrp/handler_changes.go:213.25,214.29 1 0
zrp/handler_changes.go:215.10,216.45 1 0
zrp/handler_changes.go:221.55,223.61 2 0
zrp/handler_changes.go:223.61,225.3 1 0
zrp/handler_changes.go:226.2,226.17 1 0
zrp/handler_changes.go:226.17,228.3 1 0
zrp/handler_changes.go:230.2,233.22 4 0
zrp/handler_changes.go:233.22,237.3 3 0
zrp/handler_changes.go:240.2,241.16 2 0
zrp/handler_changes.go:241.16,243.3 1 0
zrp/handler_changes.go:246.2,246.27 1 0
zrp/handler_changes.go:246.27,247.59 1 0
zrp/handler_changes.go:247.59,249.4 1 0
zrp/handler_changes.go:252.2,258.12 3 0
zrp/handler_changes.go:261.49,263.22 2 0
zrp/handler_changes.go:263.22,264.12 1 0
zrp/handler_changes.go:264.12,266.4 1 0
zrp/handler_changes.go:267.3,267.14 1 0
zrp/handler_changes.go:269.2,269.15 1 0
zrp/handler_changes.go:273.45,274.19 1 0
zrp/handler_changes.go:275.17,276.25 1 0
zrp/handler_changes.go:277.19,278.15 1 0
zrp/handler_changes.go:279.10,280.14 1 0
zrp/handler_devices.go:13.64,15.16 2 0
zrp/handler_devices.go:15.16,15.56 2 0
zrp/handler_devices.go:16.2,18.18 3 0
zrp/handler_devices.go:18.18,24.3 5 0
zrp/handler_devices.go:25.2,25.18 1 0
zrp/handler_devices.go:25.18,25.40 1 0
zrp/handler_devices.go:26.2,26.20 1 0
zrp/handler_devices.go:29.77,34.16 4 0
zrp/handler_devices.go:34.16,34.56 2 0
zrp/handler_devices.go:35.2,36.16 2 0
zrp/handler_devices.go:39.65,41.42 2 0
zrp/handler_devices.go:41.42,41.85 2 0
zrp/handler_devices.go:43.2,52.20 10 0
zrp/handler_devices.go:52.20,52.81 1 0
zrp/handler_devices.go:53.2,53.20 1 0
zrp/handler_devices.go:53.20,53.59 2 0
zrp/handler_devices.go:55.2,55.20 1 0
zrp/handler_devices.go:55.20,55.43 1 0
zrp/handler_devices.go:56.2,59.16 3 0
zrp/handler_devices.go:59.16,59.56 2 0
zrp/handler_devices.go:60.2,63.16 4 0
zrp/handler_devices.go:66.80,69.42 3 0
zrp/handler_devices.go:69.42,69.85 2 0
zrp/handler_devices.go:71.2,77.20 7 0
zrp/handler_devices.go:77.20,77.59 2 0
zrp/handler_devices.go:79.2,81.16 2 0
zrp/handler_devices.go:81.16,81.56 2 0
zrp/handler_devices.go:82.2,85.31 4 0
zrp/handler_devices.go:88.66,90.16 2 0
zrp/handler_devices.go:90.16,93.3 2 0
zrp/handler_devices.go:94.2,99.18 6 0
zrp/handler_devices.go:99.18,103.3 3 0
zrp/handler_devices.go:104.2,104.12 1 0
zrp/handler_devices.go:107.66,113.16 4 0
zrp/handler_devices.go:113.16,114.62 1 0
zrp/handler_devices.go:114.62,117.4 2 0
zrp/handler_devices.go:118.3,119.9 2 0
zrp/handler_devices.go:121.2,124.66 2 0
zrp/handler_devices.go:124.66,127.3 2 0
zrp/handler_devices.go:129.2,134.16 5 0
zrp/handler_devices.go:134.16,137.3 2 0
zrp/handler_devices.go:139.2,140.28 2 0
zrp/handler_devices.go:140.28,142.3 1 0
zrp/handler_devices.go:143.2,143.50 1 0
zrp/handler_devices.go:143.50,144.45 1 0
zrp/handler_devices.go:144.45,146.4 1 0
zrp/handler_devices.go:147.3,147.12 1 0
zrp/handler_devices.go:150.2,153.6 4 0
zrp/handler_devices.go:153.6,155.20 2 0
zrp/handler_devices.go:155.20,156.9 1 0
zrp/handler_devices.go:158.3,158.17 1 0
zrp/handler_devices.go:158.17,160.12 2 0
zrp/handler_devices.go:162.3,164.28 3 0
zrp/handler_devices.go:164.28,166.12 2 0
zrp/handler_devices.go:168.3,169.19 2 0
zrp/handler_devices.go:169.19,171.4 1 0
zrp/handler_devices.go:172.3,175.17 2 0
zrp/handler_devices.go:175.17,177.4 1 0
zrp/handler_devices.go:177.9,179.4 1 0
zrp/handler_devices.go:181.2,182.97 2 0
zrp/handler_devices.go:185.81,189.17 3 0
zrp/handler_devices.go:189.17,191.19 2 0
zrp/handler_devices.go:191.19,195.4 3 0
zrp/handler_devices.go:198.2,200.18 3 0
zrp/handler_devices.go:200.18,202.20 2 0
zrp/handler_devices.go:202.20,208.4 5 0
zrp/handler_devices.go:210.2,210.77 1 0
zrp/handler_doc_versions.go:11.38,12.15 1 0
zrp/handler_doc_versions.go:12.15,14.3 1 0
zrp/handler_doc_versions.go:15.2,16.39 2 0
zrp/handler_doc_versions.go:16.39,17.21 1 0
zrp/handler_doc_versions.go:17.21,20.4 2 0
zrp/handler_doc_versions.go:21.3,21.17 1 0
zrp/handler_doc_versions.go:23.2,23.28 1 0
zrp/handler_doc_versions.go:27.91,31.16 3 0
zrp/handler_doc_versions.go:31.16,33.3 1 0
zrp/handler_doc_versions.go:34.2,37.12 3 0
zrp/handler_doc_versions.go:40.82,42.16 2 0
zrp/handler_doc_versions.go:42.16,45.3 2 0
zrp/handler_doc_versions.go:46.2,48.18 3 0
zrp/handler_doc_versions.go:48.18,52.18 4 0
zrp/handler_doc_versions.go:52.18,54.4 1 0
zrp/handler_doc_versions.go:55.3,55.33 1 0
zrp/handler_doc_versions.go:57.2,57.21 1 0
zrp/handler_doc_versions.go:57.21,59.3 1 0
zrp/handler_doc_versions.go:60.2,60.23 1 0
zrp/handler_doc_versions.go:63.90,68.16 4 0
zrp/handler_doc_versions.go:68.16,71.3 2 0
zrp/handler_doc_versions.go:72.2,72.17 1 0
zrp/handler_doc_versions.go:72.17,74.3 1 0
zrp/handler_doc_versions.go:75.2,75.16 1 0
zrp/handler_doc_versions.go:78.74,81.34 3 0
zrp/handler_doc_versions.go:81.34,84.3 2 0
zrp/handler_doc_versions.go:86.2,88.16 3 0
zrp/handler_doc_versions.go:88.16,91.3 2 0
zrp/handler_doc_versions.go:92.2,93.16 2 0
zrp/handler_doc_versions.go:93.16,96.3 2 0
zrp/handler_doc_versions.go:99.2,110.4 5 0
zrp/handler_doc_versions.go:118.48,122.21 3 0
zrp/handler_doc_versions.go:122.21,124.3 1 0
zrp/handler_doc_versions.go:125.2,125.26 1 0
zrp/handler_doc_versions.go:125.26,126.27 1 0
zrp/handler_doc_versions.go:126.27,127.28 1 0
zrp/handler_doc_versions.go:127.28,129.5 1 0
zrp/handler_doc_versions.go:129.10,129.41 1 0
zrp/handler_doc_versions.go:129.41,131.5 1 0
zrp/handler_doc_versions.go:131.10,133.5 1 0
zrp/handler_doc_versions.go:138.2,141.21 4 0
zrp/handler_doc_versions.go:141.21,142.45 1 0
zrp/handler_doc_versions.go:142.45,146.4 3 0
zrp/handler_doc_versions.go:146.9,146.61 1 0
zrp/handler_doc_versions.go:146.61,149.4 2 0
zrp/handler_doc_versions.go:149.9,152.4 2 0
zrp/handler_doc_versions.go:154.2,154.39 1 0
zrp/handler_doc_versions.go:154.39,156.3 1 0
zrp/handler_doc_versions.go:157.2,157.15 1 0
zrp/handler_doc_versions.go:160.77,165.16 3 0
zrp/handler_doc_versions.go:165.16,168.3 2 0
zrp/handler_doc_versions.go:170.2,172.106 2 0
zrp/handler_doc_versions.go:172.106,175.3 2 0
zrp/handler_doc_versions.go:178.2,180.16 3 0
zrp/handler_doc_versions.go:180.16,183.3 2 0
zrp/handler_doc_versions.go:185.2,186.27 2 0
zrp/handler_doc_versions.go:189.86,194.16 4 0
zrp/handler_doc_versions.go:194.16,197.3 2 0
zrp/handler_doc_versions.go:199.2,201.109 2 0
zrp/handler_doc_versions.go:201.109,204.3 2 0
zrp/handler_doc_versions.go:206.2,209.16 3 0
zrp/handler_doc_versions.go:209.16,212.3 2 0
zrp/handler_doc_versions.go:214.2,215.27 2 0
zrp/handler_doc_versions.go:219.66,223.38 3 0
zrp/handler_doc_versions.go:223.38,225.3 1 0
zrp/handler_doc_versions.go:228.2,229.43 2 0
zrp/handler_doc_versions.go:229.43,231.3 1 0
zrp/handler_doc_versions.go:234.2,235.57 2 0
zrp/handler_doc_versions.go:235.57,237.140 2 0
zrp/handler_doc_versions.go:237.140,239.4 1 0
zrp/handler_doc_versions.go:243.2,243.27 1 0
zrp/handler_doc_versions.go:243.27,245.17 2 0
zrp/handler_doc_versions.go:245.17,246.12 1 0
zrp/handler_doc_versions.go:248.3,253.19 3 0
zrp/handler_doc_versions.go:253.19,257.4 3 0
zrp/handler_doc_versions.go:258.3,260.27 2 0
zrp/handler_doc_versions.go:260.27,268.4 6 0
zrp/handler_doc_versions.go:270.2,270.12 1 0
zrp/handler_docs.go:8.61,15.16 2 0
zrp/handler_docs.go:15.16,15.56 2 0
zrp/handler_docs.go:16.2,22.18 4 0
zrp/handler_docs.go:22.18,26.3 3 0
zrp/handler_docs.go:27.2,27.18 1 0
zrp/handler_docs.go:27.18,27.46 1 0
zrp/handler_docs.go:28.2,28.20 1 0
zrp/handler_docs.go:31.70,35.16 3 0
zrp/handler_docs.go:35.16,35.56 2 0
zrp/handler_docs.go:38.2,40.16 3 0
zrp/handler_docs.go:40.16,42.22 2 0
zrp/handler_docs.go:42.22,46.4 3 0
zrp/handler_docs.go:48.2,48.17 1 0
zrp/handler_docs.go:48.17,48.42 1 0
zrp/handler_docs.go:50.2,54.65 2 0
zrp/handler_docs.go:57.62,59.42 2 0
zrp/handler_docs.go:59.42,59.85 2 0
zrp/handler_docs.go:61.2,63.20 3 0
zrp/handler_docs.go:63.20,63.78 1 0
zrp/handler_docs.go:64.2,64.20 1 0
zrp/handler_docs.go:64.20,64.59 2 0
zrp/handler_docs.go:66.2,67.22 2 0
zrp/handler_docs.go:67.22,67.42 1 0
zrp/handler_docs.go:68.2,68.20 1 0
zrp/handler_docs.go:68.20,68.42 1 0
zrp/handler_docs.go:69.2,72.16 3 0
zrp/handler_docs.go:72.16,72.56 2 0
zrp/handler_docs.go:73.2,75.16 5 0
zrp/handler_docs.go:78.73,80.42 2 0
zrp/handler_docs.go:80.42,80.85 2 0
zrp/handler_docs.go:83.2,84.104 2 0
zrp/handler_docs.go:84.104,87.3 2 0
zrp/handler_docs.go:90.2,94.20 3 0
zrp/handler_docs.go:94.20,96.3 1 0
zrp/handler_docs.go:98.2,101.16 3 0
zrp/handler_docs.go:101.16,101.56 2 0
zrp/handler_docs.go:102.2,103.24 2 0
zrp/handler_docs.go:106.74,109.16 3 0
zrp/handler_docs.go:109.16,109.56 2 0
zrp/handler_docs.go:110.2,111.24 2 0
zrp/handler_eco.go:11.61,15.18 4 0
zrp/handler_eco.go:15.18,18.3 2 0
zrp/handler_eco.go:19.2,21.16 3 0
zrp/handler_eco.go:21.16,23.3 2 0
zrp/handler_eco.go:24.2,26.18 3 0
zrp/handler_eco.go:26.18,32.3 6 0
zrp/handler_eco.go:33.2,33.18 1 0
zrp/handler_eco.go:33.18,33.37 1 0
zrp/handler_eco.go:34.2,34.20 1 0
zrp/handler_eco.go:37.70,42.16 4 0
zrp/handler_eco.go:42.16,42.56 2 0
zrp/handler_eco.go:43.2,49.63 5 0
zrp/handler_eco.go:49.63,51.3 1 0
zrp/handler_eco.go:51.8,51.33 1 0
zrp/handler_eco.go:51.33,52.56 1 0
zrp/handler_eco.go:52.56,54.15 2 0
zrp/handler_eco.go:54.15,54.41 1 0
zrp/handler_eco.go:57.2,57.27 1 0
zrp/handler_eco.go:57.27,59.17 2 0
zrp/handler_eco.go:59.17,62.29 3 0
zrp/handler_eco.go:62.29,64.5 1 0
zrp/handler_eco.go:65.4,65.47 1 0
zrp/handler_eco.go:66.9,68.4 1 0
zrp/handler_eco.go:70.2,70.26 1 0
zrp/handler_eco.go:70.26,70.67 1 0
zrp/handler_eco.go:73.2,81.19 2 0
zrp/handler_eco.go:84.62,86.42 2 0
zrp/handler_eco.go:86.42,86.85 2 0
zrp/handler_eco.go:89.2,94.20 6 0
zrp/handler_eco.go:94.20,94.78 1 0
zrp/handler_eco.go:95.2,95.22 1 0
zrp/handler_eco.go:95.22,95.86 1 0
zrp/handler_eco.go:96.2,96.20 1 0
zrp/handler_eco.go:96.20,96.59 2 0
zrp/handler_eco.go:98.2,99.20 2 0
zrp/handler_eco.go:99.20,99.42 1 0
zrp/handler_eco.go:100.2,100.22 1 0
zrp/handler_eco.go:100.22,100.47 1 0
zrp/handler_eco.go:101.2,104.16 3 0
zrp/handler_eco.go:104.16,104.56 2 0
zrp/handler_eco.go:105.2,109.16 7 0
zrp/handler_eco.go:112.73,116.17 3 0
zrp/handler_eco.go:116.17,116.57 2 0
zrp/handler_eco.go:118.2,120.42 3 0
zrp/handler_eco.go:120.42,120.85 2 0
zrp/handler_eco.go:122.2,129.20 8 0
zrp/handler_eco.go:129.20,129.59 2 0
zrp/handler_eco.go:131.2,134.16 3 0
zrp/handler_eco.go:134.16,134.56 2 0
zrp/handler_eco.go:135.2,138.24 4 0
zrp/handler_eco.go:141.74,145.16 4 0
zrp/handler_eco.go:145.16,145.56 2 0
zrp/handler_eco.go:147.2,150.24 4 0
zrp/handler_eco.go:153.76,157.16 4 0
zrp/handler_eco.go:157.16,157.56 2 0
zrp/handler_eco.go:159.2,164.24 5 0
zrp/handler_eco.go:169.46,172.30 3 0
zrp/handler_eco.go:172.30,174.3 1 0
zrp/handler_eco.go:175.2,175.34 1 0
zrp/handler_eco.go:178.54,180.2 1 0
zrp/handler_eco.go:182.60,184.2 1 0
zrp/handler_eco.go:186.53,189.16 3 0
zrp/handler_eco.go:189.16,192.3 1 0
zrp/handler_eco.go:195.83,197.16 2 0
zrp/handler_eco.go:197.16,197.56 2 0
zrp/handler_eco.go:198.2,200.18 3 0
zrp/handler_eco.go:200.18,208.3 9 0
zrp/handler_eco.go:209.2,209.18 1 0
zrp/handler_eco.go:209.18,209.45 1 0
zrp/handler_eco.go:210.2,210.20 1 0
zrp/handler_eco.go:213.84,219.45 2 0
zrp/handler_eco.go:219.45,219.88 2 0
zrp/handler_eco.go:220.2,224.32 5 0
zrp/handler_eco.go:224.32,224.62 1 0
zrp/handler_eco.go:225.2,227.16 2 0
zrp/handler_eco.go:227.16,227.56 2 0
zrp/handler_eco.go:228.2,230.226 3 0
zrp/handler_eco.go:233.92,238.16 4 0
zrp/handler_eco.go:238.16,238.65 2 0
zrp/handler_eco.go:239.2,242.18 6 0
zrp/handler_email.go:54.67,58.16 3 0
zrp/handler_email.go:58.16,61.3 2 0
zrp/handler_email.go:62.2,62.26 1 0
zrp/handler_email.go:62.26,64.3 1 0
zrp/handler_email.go:65.2,65.16 1 0
zrp/handler_email.go:68.70,70.42 2 0
zrp/handler_email.go:70.42,73.3 2 0
zrp/handler_email.go:75.2,75.30 1 0
zrp/handler_email.go:75.30,79.3 3 0
zrp/handler_email.go:81.2,81.21 1 0
zrp/handler_email.go:81.21,83.3 1 0
zrp/handler_email.go:85.2,88.16 2 0
zrp/handler_email.go:88.16,91.3 2 0
zrp/handler_email.go:92.2,94.26 3 0
zrp/handler_email.go:94.26,96.3 1 0
zrp/handler_email.go:97.2,97.16 1 0
zrp/handler_email.go:100.62,105.45 2 0
zrp/handler_email.go:105.45,108.3 2 0
zrp/handler_email.go:110.2,110.19 1 0
zrp/handler_email.go:110.19,112.3 1 0
zrp/handler_email.go:113.2,113.19 1 0
zrp/handler_email.go:113.19,116.3 2 0
zrp/handler_email.go:118.2,120.163 2 0
zrp/handler_email.go:120.163,123.3 2 0
zrp/handler_email.go:124.2,124.65 1 0
zrp/handler_email.go:127.65,129.16 2 0
zrp/handler_email.go:129.16,132.3 2 0
zrp/handler_email.go:133.2,135.18 3 0
zrp/handler_email.go:135.18,139.3 3 0
zrp/handler_email.go:140.2,140.18 1 0
zrp/handler_email.go:140.18,142.3 1 0
zrp/handler_email.go:143.2,143.20 1 0
zrp/handler_email.go:146.45,150.16 3 0
zrp/handler_email.go:150.16,152.3 1 0
zrp/handler_email.go:153.2,153.40 1 0
zrp/handler_email.go:153.40,155.3 1 0
zrp/handler_email.go:156.2,156.16 1 0
zrp/handler_email.go:159.68,161.16 2 0
zrp/handler_email.go:161.16,163.3 1 0
zrp/handler_email.go:165.2,166.16 2 0
zrp/handler_email.go:166.16,168.3 1 0
zrp/handler_email.go:170.2,175.22 4 0
zrp/handler_email.go:175.22,177.3 1 0
zrp/handler_email.go:179.2,184.20 4 0
zrp/handler_email.go:184.20,187.3 2 0
zrp/handler_email.go:188.2,191.16 2 0
zrp/handler_email.go:194.48,196.2 1 0
zrp/handler_email.go:199.64,201.16 2 0
zrp/handler_email.go:201.16,203.3 1 0
zrp/handler_email.go:205.2,207.18 3 0
zrp/handler_email.go:207.18,209.3 1 0
zrp/handler_email.go:211.2,213.21 3 0
zrp/handler_email.go:213.21,215.3 1 0
zrp/handler_email.go:217.2,217.66 1 0
zrp/handler_email.go:217.66,220.3 2 0
zrp/handler_email.go:222.2,222.67 1 0
zrp/handler_email.go:226.36,228.16 2 0
zrp/handler_email.go:228.16,230.3 1 0
zrp/handler_email.go:231.2,233.18 2 0
zrp/handler_email.go:233.18,238.3 4 0
zrp/handler_email.go:241.32,245.2 3 0
zrp/handler_email.go:247.38,249.2 1 0
zrp/handler_email.go:253.74,257.37 3 0
zrp/handler_email.go:257.37,259.3 1 0
zrp/handler_email.go:260.2,261.16 2 0
zrp/handler_email.go:261.16,263.19 2 0
zrp/handler_email.go:263.19,268.4 4 0
zrp/handler_email.go:270.2,270.19 1 0
zrp/handler_email.go:273.77,276.45 3 0
zrp/handler_email.go:276.45,279.3 2 0
zrp/handler_email.go:280.2,280.39 1 0
zrp/handler_email.go:280.39,282.14 2 0
zrp/handler_email.go:282.14,284.4 1 0
zrp/handler_email.go:285.3,286.36 1 0
zrp/handler_email.go:288.2,289.35 2 0
zrp/handler_email.go:294.56,297.16 3 0
zrp/handler_email.go:297.16,299.3 1 0
zrp/handler_email.go:300.2,300.21 1 0
zrp/handler_email.go:304.74,305.62 1 0
zrp/handler_email.go:305.62,307.3 1 0
zrp/handler_email.go:308.2,308.57 1 0
zrp/handler_email.go:314.39,315.27 1 0
zrp/handler_email.go:315.27,317.3 1 0
zrp/handler_email.go:318.2,320.16 3 0
zrp/handler_email.go:320.16,322.3 1 0
zrp/handler_email.go:324.2,326.21 3 0
zrp/handler_email.go:326.21,329.17 2 0
zrp/handler_email.go:329.17,331.4 1 0
zrp/handler_email.go:332.3,332.28 1 0
zrp/handler_email.go:334.2,334.49 1 0
zrp/handler_email.go:334.49,336.3 1 0
zrp/handler_email.go:337.2,339.92 3 0
zrp/handler_email.go:339.92,341.3 1 0
zrp/handler_email.go:345.34,346.27 1 0
zrp/handler_email.go:346.27,348.3 1 0
zrp/handler_email.go:349.2,351.65 3 0
zrp/handler_email.go:351.65,353.3 1 0
zrp/handler_email.go:354.2,355.39 2 0
zrp/handler_email.go:355.39,357.3 1 0
zrp/handler_email.go:358.2,360.86 3 0
zrp/handler_email.go:360.86,362.3 1 0
zrp/handler_email.go:366.43,367.27 1 0
zrp/handler_email.go:367.27,369.3 1 0
zrp/handler_email.go:370.2,373.52 4 0
zrp/handler_email.go:373.52,375.3 1 0
zrp/handler_email.go:376.2,376.49 1 0
zrp/handler_email.go:376.49,378.3 1 0
zrp/handler_email.go:379.2,380.16 2 0
zrp/handler_email.go:380.16,382.3 1 0
zrp/handler_email.go:383.2,383.28 1 0
zrp/handler_email.go:383.28,385.3 1 0
zrp/handler_email.go:386.2,387.39 2 0
zrp/handler_email.go:387.39,389.3 1 0
zrp/handler_email.go:390.2,392.95 3 0
zrp/handler_email.go:392.95,394.3 1 0
zrp/handler_email.go:398.42,399.27 1 0
zrp/handler_email.go:399.27,401.3 1 0
zrp/handler_email.go:402.2,404.16 3 0
zrp/handler_email.go:404.16,406.3 1 0
zrp/handler_email.go:407.2,408.39 2 0
zrp/handler_email.go:408.39,410.3 1 0
zrp/handler_email.go:411.2,413.92 3 0
zrp/handler_email.go:413.92,415.3 1 0
zrp/handler_email.go:419.37,420.27 1 0
zrp/handler_email.go:420.27,422.3 1 0
zrp/handler_email.go:423.2,426.21 4 0
zrp/handler_email.go:426.21,428.3 1 0
zrp/handler_email.go:429.2,429.49 1 0
zrp/handler_email.go:429.49,431.40 2 0
zrp/handler_email.go:431.40,433.4 1 0
zrp/handler_email.go:434.3,435.17 2 0
zrp/handler_email.go:437.2,439.91 3 0
zrp/handler_email.go:439.91,441.3 1 0
zrp/handler_email.go:445.45,446.27 1 0
zrp/handler_email.go:446.27,448.3 1 0
zrp/handler_email.go:449.2,450.39 2 0
zrp/handler_email.go:450.39,452.3 1 0
zrp/handler_email.go:453.2,455.88 3 0
zrp/handler_email.go:455.88,457.3 1 0
zrp/handler_export.go:14.64,16.15 1 0
zrp/handler_export.go:16.16,18.3 0 0
zrp/handler_export.go:19.2,20.18 2 0
zrp/handler_export.go:20.18,22.3 1 0
zrp/handler_export.go:24.2,30.18 5 0
zrp/handler_export.go:30.18,34.3 3 0
zrp/handler_export.go:35.2,35.20 1 0
zrp/handler_export.go:35.20,38.3 2 0
zrp/handler_export.go:40.2,43.16 3 0
zrp/handler_export.go:43.16,46.3 2 0
zrp/handler_export.go:47.2,52.18 4 0
zrp/handler_export.go:52.18,56.3 3 0
zrp/handler_export.go:59.2,61.22 2 0
zrp/handler_export.go:61.22,63.3 1 0
zrp/handler_export.go:63.8,65.3 1 0
zrp/handler_export.go:69.68,71.18 2 0
zrp/handler_export.go:71.18,73.3 1 0
zrp/handler_export.go:75.2,78.24 3 0
zrp/handler_export.go:78.24,80.3 1 0
zrp/handler_export.go:81.2,84.16 3 0
zrp/handler_export.go:84.16,87.3 2 0
zrp/handler_export.go:88.2,93.18 4 0
zrp/handler_export.go:93.18,108.3 4 0
zrp/handler_export.go:111.2,113.22 2 0
zrp/handler_export.go:113.22,115.3 1 0
zrp/handler_export.go:115.8,117.3 1 0
zrp/handler_export.go:121.69,123.18 2 0
zrp/handler_export.go:123.18,125.3 1 0
zrp/handler_export.go:127.2,131.18 4 0
zrp/handler_export.go:131.18,134.3 2 0
zrp/handler_export.go:136.2,139.16 3 0
zrp/handler_export.go:139.16,142.3 2 0
zrp/handler_export.go:143.2,148.18 4 0
zrp/handler_export.go:148.18,165.3 4 0
zrp/handler_export.go:168.2,170.22 2 0
zrp/handler_export.go:170.22,172.3 1 0
zrp/handler_export.go:172.8,174.3 1 0
zrp/handler_export.go:178.63,180.18 2 0
zrp/handler_export.go:180.18,182.3 1 0
zrp/handler_export.go:184.2,188.18 4 0
zrp/handler_export.go:188.18,191.3 2 0
zrp/handler_export.go:193.2,196.16 3 0
zrp/handler_export.go:196.16,199.3 2 0
zrp/handler_export.go:200.2,205.18 4 0
zrp/handler_export.go:205.18,209.3 3 0
zrp/handler_export.go:212.2,214.22 2 0
zrp/handler_export.go:214.22,216.3 1 0
zrp/handler_export.go:216.8,218.3 1 0
zrp/handler_export.go:222.66,224.18 2 0
zrp/handler_export.go:224.18,226.3 1 0
zrp/handler_export.go:228.2,232.18 4 0
zrp/handler_export.go:232.18,235.3 2 0
zrp/handler_export.go:237.2,240.16 3 0
zrp/handler_export.go:240.16,243.3 2 0
zrp/handler_export.go:244.2,249.18 4 0
zrp/handler_export.go:249.18,254.3 4 0
zrp/handler_export.go:257.2,259.22 2 0
zrp/handler_export.go:259.22,261.3 1 0
zrp/handler_export.go:261.8,263.3 1 0
zrp/handler_export.go:267.91,275.46 5 0
zrp/handler_export.go:275.46,278.3 2 0
zrp/handler_export.go:281.2,281.27 1 0
zrp/handler_export.go:281.27,282.43 1 0
zrp/handler_export.go:282.43,285.4 2 0
zrp/handler_export.go:290.94,296.16 4 0
zrp/handler_export.go:296.16,299.3 2 0
zrp/handler_export.go:302.2,315.16 3 0
zrp/handler_export.go:315.16,318.3 2 0
zrp/handler_export.go:321.2,321.33 1 0
zrp/handler_export.go:321.33,325.3 3 0
zrp/handler_export.go:328.2,328.32 1 0
zrp/handler_export.go:328.32,329.34 1 0
zrp/handler_export.go:329.34,332.4 2 0
zrp/handler_export.go:336.2,336.25 1 0
zrp/handler_export.go:336.25,339.3 2 0
zrp/handler_export.go:342.2,342.27 1 0
zrp/handler_export.go:342.27,344.3 1 0
zrp/handler_export.go:347.2,350.35 3 0
zrp/handler_export.go:350.35,353.3 2 0
zrp/handler_field_reports.go:11.69,20.47 3 0
zrp/handler_field_reports.go:20.47,23.3 2 0
zrp/handler_field_reports.go:24.2,24.49 1 0
zrp/handler_field_reports.go:24.49,27.3 2 0
zrp/handler_field_reports.go:28.2,28.52 1 0
zrp/handler_field_reports.go:28.52,31.3 2 0
zrp/handler_field_reports.go:32.2,32.45 1 0
zrp/handler_field_reports.go:32.45,35.3 2 0
zrp/handler_field_reports.go:36.2,36.43 1 0
zrp/handler_field_reports.go:36.43,39.3 2 0
zrp/handler_field_reports.go:41.2,43.16 3 0
zrp/handler_field_reports.go:43.16,46.3 2 0
zrp/handler_field_reports.go:47.2,50.18 3 0
zrp/handler_field_reports.go:50.18,59.3 5 0
zrp/handler_field_reports.go:60.2,60.18 1 0
zrp/handler_field_reports.go:60.18,62.3 1 0
zrp/handler_field_reports.go:63.2,63.20 1 0
zrp/handler_field_reports.go:66.78,79.16 4 0
zrp/handler_field_reports.go:79.16,82.3 2 0
zrp/handler_field_reports.go:83.2,84.17 2 0
zrp/handler_field_reports.go:87.70,89.43 2 0
zrp/handler_field_reports.go:89.43,92.3 2 0
zrp/handler_field_reports.go:93.2,103.25 11 0
zrp/handler_field_reports.go:103.25,103.98 1 0
zrp/handler_field_reports.go:104.2,104.21 1 0
zrp/handler_field_reports.go:104.21,104.88 1 0
zrp/handler_field_reports.go:105.2,105.23 1 0
zrp/handler_field_reports.go:105.23,105.96 1 0
zrp/handler_field_reports.go:106.2,106.20 1 0
zrp/handler_field_reports.go:106.20,106.59 2 0
zrp/handler_field_reports.go:108.2,109.21 2 0
zrp/handler_field_reports.go:109.21,111.3 1 0
zrp/handler_field_reports.go:112.2,112.23 1 0
zrp/handler_field_reports.go:112.23,114.3 1 0
zrp/handler_field_reports.go:115.2,115.25 1 0
zrp/handler_field_reports.go:115.25,117.3 1 0
zrp/handler_field_reports.go:118.2,121.25 4 0
zrp/handler_field_reports.go:121.25,123.3 1 0
zrp/handler_field_reports.go:125.2,132.16 2 0
zrp/handler_field_reports.go:132.16,135.3 2 0
zrp/handler_field_reports.go:136.2,137.17 2 0
zrp/handler_field_reports.go:140.81,144.16 3 0
zrp/handler_field_reports.go:144.16,147.3 2 0
zrp/handler_field_reports.go:149.2,150.45 2 0
zrp/handler_field_reports.go:150.45,153.3 2 0
zrp/handler_field_reports.go:155.2,155.39 1 0
zrp/handler_field_reports.go:155.39,156.41 1 0
zrp/handler_field_reports.go:156.41,158.4 1 0
zrp/handler_field_reports.go:159.3,159.12 1 0
zrp/handler_field_reports.go:163.2,172.20 10 0
zrp/handler_field_reports.go:172.20,172.59 2 0
zrp/handler_field_reports.go:174.2,179.27 4 0
zrp/handler_field_reports.go:179.27,180.27 1 0
zrp/handler_field_reports.go:180.27,183.4 2 0
zrp/handler_field_reports.go:186.2,189.57 2 0
zrp/handler_field_reports.go:189.57,192.3 2 0
zrp/handler_field_reports.go:194.2,198.19 4 0
zrp/handler_field_reports.go:198.19,200.17 2 0
zrp/handler_field_reports.go:200.17,203.4 2 0
zrp/handler_field_reports.go:206.2,207.32 2 0
zrp/handler_field_reports.go:210.81,212.16 2 0
zrp/handler_field_reports.go:212.16,215.3 2 0
zrp/handler_field_reports.go:216.2,217.12 2 0
zrp/handler_field_reports.go:217.12,220.3 2 0
zrp/handler_field_reports.go:221.2,222.48 2 0
zrp/handler_field_reports.go:225.84,238.16 4 0
zrp/handler_field_reports.go:238.16,241.3 2 0
zrp/handler_field_reports.go:244.2,247.31 4 0
zrp/handler_field_reports.go:247.31,249.3 1 0
zrp/handler_field_reports.go:249.8,249.34 1 0
zrp/handler_field_reports.go:249.34,251.3 1 0
zrp/handler_field_reports.go:253.2,256.16 2 0
zrp/handler_field_reports.go:256.16,259.3 2 0
zrp/handler_field_reports.go:262.2,266.104 3 0
zrp/handler_firmware.go:10.66,12.16 2 0
zrp/handler_firmware.go:12.16,12.56 2 0
zrp/handler_firmware.go:13.2,15.18 3 0
zrp/handler_firmware.go:15.18,21.3 6 0
zrp/handler_firmware.go:22.2,22.18 1 0
zrp/handler_firmware.go:22.18,22.50 1 0
zrp/handler_firmware.go:23.2,23.20 1 0
zrp/handler_firmware.go:26.75,31.16 4 0
zrp/handler_firmware.go:31.16,31.56 2 0
zrp/handler_firmware.go:32.2,33.16 3 0
zrp/handler_firmware.go:36.67,38.42 2 0
zrp/handler_firmware.go:38.42,38.85 2 0
zrp/handler_firmware.go:40.2,43.20 4 0
zrp/handler_firmware.go:43.20,43.83 1 0
zrp/handler_firmware.go:44.2,44.20 1 0
zrp/handler_firmware.go:44.20,44.59 2 0
zrp/handler_firmware.go:46.2,47.20 2 0
zrp/handler_firmware.go:47.20,47.42 1 0
zrp/handler_firmware.go:48.2,48.22 1 0
zrp/handler_firmware.go:48.22,48.47 1 0
zrp/handler_firmware.go:49.2,52.16 3 0
zrp/handler_firmware.go:52.16,52.56 2 0
zrp/handler_firmware.go:53.2,55.16 3 0
zrp/handler_firmware.go:58.78,60.42 2 0
zrp/handler_firmware.go:60.42,60.85 2 0
zrp/handler_firmware.go:61.2,63.16 2 0
zrp/handler_firmware.go:63.16,63.56 2 0
zrp/handler_firmware.go:64.2,65.29 2 0
zrp/handler_firmware.go:68.78,72.16 3 0
zrp/handler_firmware.go:72.16,72.56 2 0
zrp/handler_firmware.go:73.2,75.18 3 0
zrp/handler_firmware.go:75.18,80.3 4 0
zrp/handler_firmware.go:81.2,83.79 3 0
zrp/handler_firmware.go:86.80,94.2 7 0
zrp/handler_firmware.go:96.78,101.9 5 0
zrp/handler_firmware.go:101.9,104.3 2 0
zrp/handler_firmware.go:105.2,105.6 1 0
zrp/handler_firmware.go:105.6,113.16 8 0
zrp/handler_firmware.go:113.16,115.4 1 0
zrp/handler_firmware.go:116.3,118.45 3 0
zrp/handler_firmware.go:118.45,119.9 1 0
zrp/handler_firmware.go:121.3,121.10 1 0
zrp/handler_firmware.go:122.29,123.10 1 0
zrp/handler_firmware.go:124.38,124.38 0 0
zrp/handler_firmware.go:129.98,133.102 2 0
zrp/handler_firmware.go:133.102,136.3 2 0
zrp/handler_firmware.go:137.2,139.16 3 0
zrp/handler_firmware.go:139.16,142.3 2 0
zrp/handler_firmware.go:143.2,144.12 2 0
zrp/handler_firmware.go:144.12,147.3 2 0
zrp/handler_firmware.go:148.2,149.48 2 0
zrp/handler_firmware.go:152.79,154.16 2 0
zrp/handler_firmware.go:154.16,157.3 2 0
zrp/handler_firmware.go:158.2,160.18 3 0
zrp/handler_firmware.go:160.18,166.3 5 0
zrp/handler_firmware.go:167.2,167.18 1 0
zrp/handler_firmware.go:167.18,169.3 1 0
zrp/handler_firmware.go:170.2,170.20 1 0
zrp/handler_general_settings.go:28.71,35.42 2 0
zrp/handler_general_settings.go:35.42,38.17 3 0
zrp/handler_general_settings.go:38.17,39.12 1 0
zrp/handler_general_settings.go:41.3,41.14 1 0
zrp/handler_general_settings.go:42.19,43.19 1 0
zrp/handler_general_settings.go:44.23,45.23 1 0
zrp/handler_general_settings.go:46.26,47.26 1 0
zrp/handler_general_settings.go:48.19,49.20 1 0
zrp/handler_general_settings.go:50.22,51.22 1 0
zrp/handler_general_settings.go:55.2,55.16 1 0
zrp/handler_general_settings.go:58.71,60.59 2 0
zrp/handler_general_settings.go:60.59,63.3 2 0
zrp/handler_general_settings.go:65.2,73.29 2 0
zrp/handler_general_settings.go:73.29,76.17 2 0
zrp/handler_general_settings.go:76.17,79.4 2 0
zrp/handler_general_settings.go:82.2,82.16 1 0
zrp/handler_git_docs.go:20.39,25.22 5 0
zrp/handler_git_docs.go:25.22,27.3 1 0
zrp/handler_git_docs.go:28.2,28.12 1 0
zrp/handler_git_docs.go:31.71,34.21 2 0
zrp/handler_git_docs.go:34.21,36.3 1 0
zrp/handler_git_docs.go:37.2,37.18 1 0
zrp/handler_git_docs.go:40.71,42.44 2 0
zrp/handler_git_docs.go:42.44,45.3 2 0
zrp/handler_git_docs.go:46.2,46.43 1 0
zrp/handler_git_docs.go:46.43,48.3 1 0
zrp/handler_git_docs.go:49.2,51.43 3 0
zrp/handler_git_docs.go:51.43,53.3 1 0
zrp/handler_git_docs.go:54.2,55.48 2 0
zrp/handler_git_docs.go:58.31,60.2 1 0
zrp/handler_git_docs.go:62.45,64.68 2 0
zrp/handler_git_docs.go:64.68,70.3 4 0
zrp/handler_git_docs.go:72.2,75.18 4 0
zrp/handler_git_docs.go:78.45,79.21 1 0
zrp/handler_git_docs.go:79.21,81.3 1 0
zrp/handler_git_docs.go:82.2,82.12 1 0
zrp/handler_git_docs.go:85.53,86.17 1 0
zrp/handler_git_docs.go:86.17,88.3 1 0
zrp/handler_git_docs.go:90.2,90.44 1 0
zrp/handler_git_docs.go:90.44,92.3 1 0
zrp/handler_git_docs.go:93.2,93.16 1 0
zrp/handler_git_docs.go:96.56,98.15 2 0
zrp/handler_git_docs.go:98.15,100.3 1 0
zrp/handler_git_docs.go:102.2,102.40 1 0
zrp/handler_git_docs.go:102.40,103.105 1 0
zrp/handler_git_docs.go:103.105,105.4 1 0
zrp/handler_git_docs.go:106.3,106.13 1 0
zrp/handler_git_docs.go:108.2,108.49 1 0
zrp/handler_git_docs.go:111.79,113.23 2 0
zrp/handler_git_docs.go:113.23,116.3 2 0
zrp/handler_git_docs.go:118.2,121.16 3 0
zrp/handler_git_docs.go:121.16,124.3 2 0
zrp/handler_git_docs.go:126.2,126.43 1 0
zrp/handler_git_docs.go:126.43,129.3 2 0
zrp/handler_git_docs.go:131.2,139.72 5 0
zrp/handler_git_docs.go:139.72,142.3 2 0
zrp/handler_git_docs.go:145.2,151.28 3 0
zrp/handler_git_docs.go:151.28,154.51 3 0
zrp/handler_git_docs.go:154.51,157.4 2 0
zrp/handler_git_docs.go:160.2,161.70 2 0
zrp/handler_git_docs.go:164.81,166.23 2 0
zrp/handler_git_docs.go:166.23,169.3 2 0
zrp/handler_git_docs.go:171.2,174.16 3 0
zrp/handler_git_docs.go:174.16,177.3 2 0
zrp/handler_git_docs.go:179.2,179.43 1 0
zrp/handler_git_docs.go:179.43,182.3 2 0
zrp/handler_git_docs.go:184.2,189.16 5 0
zrp/handler_git_docs.go:189.16,192.3 2 0
zrp/handler_git_docs.go:194.2,199.16 5 0
zrp/handler_git_docs.go:199.16,202.3 2 0
zrp/handler_git_docs.go:204.2,205.27 2 0
zrp/handler_git_docs.go:208.78,210.23 2 0
zrp/handler_git_docs.go:210.23,213.3 2 0
zrp/handler_git_docs.go:215.2,218.16 3 0
zrp/handler_git_docs.go:218.16,221.3 2 0
zrp/handler_git_docs.go:223.2,223.43 1 0
zrp/handler_git_docs.go:223.43,226.3 2 0
zrp/handler_git_docs.go:228.2,241.27 9 0
zrp/handler_git_docs.go:241.27,243.18 2 0
zrp/handler_git_docs.go:243.18,244.12 1 0
zrp/handler_git_docs.go:246.3,246.19 1 0
zrp/handler_git_docs.go:246.19,255.4 8 0
zrp/handler_git_docs.go:256.3,256.15 1 0
zrp/handler_git_docs.go:259.2,259.28 1 0
zrp/handler_git_docs.go:259.28,265.3 4 0
zrp/handler_git_docs.go:267.2,273.50 5 0
zrp/handler_git_docs.go:273.50,277.3 3 0
zrp/handler_git_docs.go:280.2,286.4 3 0
zrp/handler_gitplm.go:19.68,22.16 3 0
zrp/handler_gitplm.go:22.16,25.3 2 0
zrp/handler_gitplm.go:26.2,26.45 1 0
zrp/handler_gitplm.go:29.71,31.44 2 0
zrp/handler_gitplm.go:31.44,34.3 2 0
zrp/handler_gitplm.go:37.2,41.16 3 0
zrp/handler_gitplm.go:41.16,44.3 2 0
zrp/handler_gitplm.go:45.2,45.18 1 0
zrp/handler_gitplm.go:48.77,51.33 3 0
zrp/handler_gitplm.go:51.33,54.3 2 0
zrp/handler_gitplm.go:55.2,56.60 2 0
zrp/handler_inventory.go:9.66,12.24 3 0
zrp/handler_inventory.go:12.24,14.3 1 0
zrp/handler_inventory.go:15.2,17.16 3 0
zrp/handler_inventory.go:17.16,17.56 2 0
zrp/handler_inventory.go:18.2,20.18 3 0
zrp/handler_inventory.go:20.18,24.3 3 0
zrp/handler_inventory.go:25.2,25.18 1 0
zrp/handler_inventory.go:25.18,25.47 1 0
zrp/handler_inventory.go:26.2,26.20 1 0
zrp/handler_inventory.go:29.77,33.16 3 0
zrp/handler_inventory.go:33.16,33.56 2 0
zrp/handler_inventory.go:34.2,34.16 1 0
zrp/handler_inventory.go:37.70,39.42 2 0
zrp/handler_inventory.go:39.42,39.85 2 0
zrp/handler_inventory.go:41.2,45.38 5 0
zrp/handler_inventory.go:45.38,45.75 1 0
zrp/handler_inventory.go:46.2,46.20 1 0
zrp/handler_inventory.go:46.20,46.59 2 0
zrp/handler_inventory.go:48.2,53.17 4 0
zrp/handler_inventory.go:53.17,54.28 1 0
zrp/handler_inventory.go:54.28,56.43 2 0
zrp/handler_inventory.go:56.43,58.5 1 0
zrp/handler_inventory.go:59.4,59.19 1 0
zrp/handler_inventory.go:59.19,61.5 1 0
zrp/handler_inventory.go:66.2,67.16 2 0
zrp/handler_inventory.go:67.16,67.56 2 0
zrp/handler_inventory.go:68.2,72.16 3 0
zrp/handler_inventory.go:72.16,72.56 2 0
zrp/handler_inventory.go:75.2,77.16 2 0
zrp/handler_inventory.go:77.16,77.56 2 0
zrp/handler_inventory.go:80.2,80.16 1 0
zrp/handler_inventory.go:81.27,82.113 1 0
zrp/handler_inventory.go:83.15,84.113 1 0
zrp/handler_inventory.go:85.16,86.101 1 0
zrp/handler_inventory.go:88.2,88.16 1 0
zrp/handler_inventory.go:88.16,88.56 2 0
zrp/handler_inventory.go:91.2,91.35 1 0
zrp/handler_inventory.go:91.35,91.75 2 0
zrp/handler_inventory.go:93.2,95.48 3 0
zrp/handler_inventory.go:98.81,100.16 2 0
zrp/handler_inventory.go:100.16,100.56 2 0
zrp/handler_inventory.go:101.2,103.18 3 0
zrp/handler_inventory.go:103.18,107.3 3 0
zrp/handler_inventory.go:108.2,108.18 1 0
zrp/handler_inventory.go:108.18,108.54 1 0
zrp/handler_inventory.go:109.2,109.20 1 0
zrp/handler_inventory.go:112.72,116.45 2 0
zrp/handler_inventory.go:116.45,119.3 2 0
zrp/handler_inventory.go:120.2,120.25 1 0
zrp/handler_inventory.go:120.25,123.3 2 0
zrp/handler_inventory.go:124.2,125.32 2 0
zrp/handler_inventory.go:125.32,127.17 2 0
zrp/handler_inventory.go:127.17,128.12 1 0
zrp/handler_inventory.go:130.3,131.20 2 0
zrp/handler_inventory.go:133.2,133.49 1 0
zrp/handler_invoices.go:15.65,26.18 8 0
zrp/handler_invoices.go:26.18,29.3 2 0
zrp/handler_invoices.go:30.2,30.20 1 0
zrp/handler_invoices.go:30.20,33.3 2 0
zrp/handler_invoices.go:34.2,34.20 1 0
zrp/handler_invoices.go:34.20,37.3 2 0
zrp/handler_invoices.go:38.2,38.18 1 0
zrp/handler_invoices.go:38.18,41.3 2 0
zrp/handler_invoices.go:43.2,43.25 1 0
zrp/handler_invoices.go:43.25,45.3 1 0
zrp/handler_invoices.go:46.2,49.16 3 0
zrp/handler_invoices.go:49.16,52.3 2 0
zrp/handler_invoices.go:53.2,56.18 3 0
zrp/handler_invoices.go:56.18,62.17 4 0
zrp/handler_invoices.go:62.17,65.4 2 0
zrp/handler_invoices.go:66.3,66.19 1 0
zrp/handler_invoices.go:66.19,68.4 1 0
zrp/handler_invoices.go:69.3,69.35 1 0
zrp/handler_invoices.go:72.2,72.21 1 0
zrp/handler_invoices.go:72.21,74.3 1 0
zrp/handler_invoices.go:75.2,75.23 1 0
zrp/handler_invoices.go:78.74,87.16 4 0
zrp/handler_invoices.go:87.16,88.27 1 0
zrp/handler_invoices.go:88.27,90.4 1 0
zrp/handler_invoices.go:90.9,92.4 1 0
zrp/handler_invoices.go:93.3,93.9 1 0
zrp/handler_invoices.go:96.2,96.18 1 0
zrp/handler_invoices.go:96.18,98.3 1 0
zrp/handler_invoices.go:101.2,103.18 2 0
zrp/handler_invoices.go:106.54,109.16 2 0
zrp/handler_invoices.go:109.16,111.3 1 0
zrp/handler_invoices.go:112.2,115.18 3 0
zrp/handler_invoices.go:115.18,120.3 3 0
zrp/handler_invoices.go:122.2,122.18 1 0
zrp/handler_invoices.go:122.18,124.3 1 0
zrp/handler_invoices.go:125.2,125.14 1 0
zrp/handler_invoices.go:128.66,130.44 2 0
zrp/handler_invoices.go:130.44,133.3 2 0
zrp/handler_invoices.go:136.2,136.50 1 0
zrp/handler_invoices.go:136.50,139.3 2 0
zrp/handler_invoices.go:142.2,146.22 3 0
zrp/handler_invoices.go:146.22,148.3 1 0
zrp/handler_invoices.go:149.2,149.25 1 0
zrp/handler_invoices.go:149.25,151.3 1 0
zrp/handler_invoices.go:152.2,152.23 1 0
zrp/handler_invoices.go:152.23,154.3 1 0
zrp/handler_invoices.go:157.2,157.24 1 0
zrp/handler_invoices.go:157.24,159.28 2 0
zrp/handler_invoices.go:159.28,162.4 2 0
zrp/handler_invoices.go:163.3,164.33 2 0
zrp/handler_invoices.go:168.2,173.16 2 0
zrp/handler_invoices.go:173.16,176.3 2 0
zrp/handler_invoices.go:179.2,179.33 1 0
zrp/handler_invoices.go:179.33,183.17 2 0
zrp/handler_invoices.go:183.17,186.4 2 0
zrp/handler_invoices.go:190.2,195.18 5 0
zrp/handler_invoices.go:198.77,200.44 2 0
zrp/handler_invoices.go:200.44,203.3 2 0
zrp/handler_invoices.go:206.2,208.16 3 0
zrp/handler_invoices.go:208.16,209.27 1 0
zrp/handler_invoices.go:209.27,211.4 1 0
zrp/handler_invoices.go:211.9,213.4 1 0
zrp/handler_invoices.go:214.3,214.9 1 0
zrp/handler_invoices.go:217.2,217.61 1 0
zrp/handler_invoices.go:217.61,220.3 2 0
zrp/handler_invoices.go:223.2,223.24 1 0
zrp/handler_invoices.go:223.24,225.28 2 0
zrp/handler_invoices.go:225.28,228.4 2 0
zrp/handler_invoices.go:229.3,230.33 2 0
zrp/handler_invoices.go:234.2,237.16 2 0
zrp/handler_invoices.go:237.16,240.3 2 0
zrp/handler_invoices.go:243.2,244.16 2 0
zrp/handler_invoices.go:244.16,247.3 2 0
zrp/handler_invoices.go:249.2,249.33 1 0
zrp/handler_invoices.go:249.33,253.17 2 0
zrp/handler_invoices.go:253.17,256.4 2 0
zrp/handler_invoices.go:259.2,263.28 3 0
zrp/handler_invoices.go:266.101,273.16 3 0
zrp/handler_invoices.go:273.16,274.27 1 0
zrp/handler_invoices.go:274.27,276.4 1 0
zrp/handler_invoices.go:276.9,278.4 1 0
zrp/handler_invoices.go:279.3,279.9 1 0
zrp/handler_invoices.go:282.2,282.31 1 0
zrp/handler_invoices.go:282.31,285.3 2 0
zrp/handler_invoices.go:288.2,290.16 3 0
zrp/handler_invoices.go:290.16,293.3 2 0
zrp/handler_invoices.go:293.8,293.33 1 0
zrp/handler_invoices.go:293.33,296.3 2 0
zrp/handler_invoices.go:299.2,315.31 4 0
zrp/handler_invoices.go:315.31,326.3 3 0
zrp/handler_invoices.go:328.2,337.16 4 0
zrp/handler_invoices.go:337.16,340.3 2 0
zrp/handler_invoices.go:343.2,343.33 1 0
zrp/handler_invoices.go:343.33,347.17 2 0
zrp/handler_invoices.go:347.17,350.4 2 0
zrp/handler_invoices.go:354.2,355.16 2 0
zrp/handler_invoices.go:355.16,358.3 2 0
zrp/handler_invoices.go:360.2,362.18 3 0
zrp/handler_invoices.go:365.75,370.16 3 0
zrp/handler_invoices.go:370.16,371.27 1 0
zrp/handler_invoices.go:371.27,373.4 1 0
zrp/handler_invoices.go:373.9,375.4 1 0
zrp/handler_invoices.go:376.3,376.9 1 0
zrp/handler_invoices.go:379.2,379.27 1 0
zrp/handler_invoices.go:379.27,382.3 2 0
zrp/handler_invoices.go:385.2,386.16 2 0
zrp/handler_invoices.go:386.16,389.3 2 0
zrp/handler_invoices.go:394.2,396.90 3 0
zrp/handler_invoices.go:399.79,404.16 3 0
zrp/handler_invoices.go:404.16,405.27 1 0
zrp/handler_invoices.go:405.27,407.4 1 0
zrp/handler_invoices.go:407.9,409.4 1 0
zrp/handler_invoices.go:410.3,410.9 1 0
zrp/handler_invoices.go:413.2,413.31 1 0
zrp/handler_invoices.go:413.31,416.3 2 0
zrp/handler_invoices.go:419.2,421.16 3 0
zrp/handler_invoices.go:421.16,424.3 2 0
zrp/handler_invoices.go:426.2,428.87 3 0
zrp/handler_invoices.go:431.82,441.16 4 0
zrp/handler_invoices.go:441.16,442.27 1 0
zrp/handler_invoices.go:442.27,444.4 1 0
zrp/handler_invoices.go:444.9,446.4 1 0
zrp/handler_invoices.go:447.3,447.9 1 0
zrp/handler_invoices.go:450.2,450.18 1 0
zrp/handler_invoices.go:450.18,452.3 1 0
zrp/handler_invoices.go:453.2,465.111 8 0
zrp/handler_invoices.go:468.37,477.18 5 0
zrp/handler_invoices.go:477.18,479.3 1 0
zrp/handler_invoices.go:481.2,481.46 1 0
zrp/handler_invoices.go:485.30,489.16 3 0
zrp/handler_invoices.go:489.16,491.3 1 0
zrp/handler_invoices.go:495.52,554.33 3 0
zrp/handler_invoices.go:554.33,559.3 2 0
zrp/handler_invoices.go:561.2,571.26 2 0
zrp/handler_invoices.go:571.26,577.3 1 0
zrp/handler_invoices.go:579.2,600.24 2 0
zrp/handler_ncr.go:10.61,12.16 2 0
zrp/handler_ncr.go:12.16,12.56 2 0
zrp/handler_ncr.go:13.2,15.18 3 0
zrp/handler_ncr.go:15.18,21.3 5 0
zrp/handler_ncr.go:22.2,22.18 1 0
zrp/handler_ncr.go:22.18,22.37 1 0
zrp/handler_ncr.go:23.2,23.20 1 0
zrp/handler_ncr.go:26.70,31.16 4 0
zrp/handler_ncr.go:31.16,31.56 2 0
zrp/handler_ncr.go:32.2,33.16 2 0
zrp/handler_ncr.go:36.62,38.42 2 0
zrp/handler_ncr.go:38.42,38.85 2 0
zrp/handler_ncr.go:40.2,49.22 10 0
zrp/handler_ncr.go:49.22,49.86 1 0
zrp/handler_ncr.go:50.2,50.20 1 0
zrp/handler_ncr.go:50.20,50.78 1 0
zrp/handler_ncr.go:51.2,51.20 1 0
zrp/handler_ncr.go:51.20,51.59 2 0
zrp/handler_ncr.go:53.2,54.20 2 0
zrp/handler_ncr.go:54.20,54.41 1 0
zrp/handler_ncr.go:55.2,55.22 1 0
zrp/handler_ncr.go:55.22,55.46 1 0
zrp/handler_ncr.go:56.2,62.16 4 0
zrp/handler_ncr.go:62.16,62.56 2 0
zrp/handler_ncr.go:63.2,67.16 5 0
zrp/handler_ncr.go:70.73,73.45 3 0
zrp/handler_ncr.go:73.45,73.88 2 0
zrp/handler_ncr.go:76.2,76.39 1 0
zrp/handler_ncr.go:76.39,77.41 1 0
zrp/handler_ncr.go:77.41,77.72 1 0
zrp/handler_ncr.go:78.3,78.12 1 0
zrp/handler_ncr.go:80.2,80.35 1 0
zrp/handler_ncr.go:80.35,81.29 1 0
zrp/handler_ncr.go:81.29,82.29 1 0
zrp/handler_ncr.go:82.29,82.41 1 0
zrp/handler_ncr.go:84.3,84.15 1 0
zrp/handler_ncr.go:87.2,106.20 19 0
zrp/handler_ncr.go:106.20,106.59 2 0
zrp/handler_ncr.go:108.2,110.48 3 0
zrp/handler_ncr.go:110.48,112.3 1 0
zrp/handler_ncr.go:113.2,115.16 2 0
zrp/handler_ncr.go:115.16,115.56 2 0
zrp/handler_ncr.go:116.2,122.89 5 0
zrp/handler_ncr.go:122.89,126.16 4 0
zrp/handler_ncr.go:126.16,126.38 1 0
zrp/handler_ncr.go:127.3,129.17 2 0
zrp/handler_ncr.go:129.17,132.4 2 0
zrp/handler_ncr.go:136.2,140.16 4 0
zrp/handler_ncr.go:140.16,140.56 2 0
zrp/handler_ncr.go:141.2,143.23 2 0
zrp/handler_ncr.go:143.23,152.3 2 0
zrp/handler_ncr.go:152.8,154.3 1 0
zrp/handler_ncr_integration.go:11.84,19.16 3 0
zrp/handler_ncr_integration.go:19.16,22.3 2 0
zrp/handler_ncr_integration.go:25.2,34.25 2 0
zrp/handler_ncr_integration.go:34.25,35.53 1 0
zrp/handler_ncr_integration.go:35.53,38.4 2 0
zrp/handler_ncr_integration.go:42.2,47.17 4 0
zrp/handler_ncr_integration.go:47.17,49.3 1 0
zrp/handler_ncr_integration.go:52.2,53.20 2 0
zrp/handler_ncr_integration.go:53.20,55.3 1 0
zrp/handler_ncr_integration.go:58.2,59.44 2 0
zrp/handler_ncr_integration.go:59.44,61.3 1 0
zrp/handler_ncr_integration.go:64.2,65.52 2 0
zrp/handler_ncr_integration.go:65.52,67.3 1 0
zrp/handler_ncr_integration.go:69.2,73.16 2 0
zrp/handler_ncr_integration.go:73.16,76.3 2 0
zrp/handler_ncr_integration.go:79.2,97.22 5 0
zrp/handler_ncr_integration.go:102.83,110.16 3 0
zrp/handler_ncr_integration.go:110.16,113.3 2 0
zrp/handler_ncr_integration.go:116.2,123.25 2 0
zrp/handler_ncr_integration.go:123.25,124.53 1 0
zrp/handler_ncr_integration.go:124.53,127.4 2 0
zrp/handler_ncr_integration.go:131.2,137.17 5 0
zrp/handler_ncr_integration.go:137.17,139.3 1 0
zrp/handler_ncr_integration.go:142.2,143.53 2 0
zrp/handler_ncr_integration.go:143.53,145.3 1 0
zrp/handler_ncr_integration.go:145.8,145.55 1 0
zrp/handler_ncr_integration.go:145.55,147.3 1 0
zrp/handler_ncr_integration.go:150.2,151.20 2 0
zrp/handler_ncr_integration.go:151.20,152.23 1 0
zrp/handler_ncr_integration.go:153.19,154.25 1 0
zrp/handler_ncr_integration.go:155.16,156.21 1 0
zrp/handler_ncr_integration.go:157.11,158.23 1 0
zrp/handler_ncr_integration.go:163.2,164.41 2 0
zrp/handler_ncr_integration.go:164.41,166.3 1 0
zrp/handler_ncr_integration.go:168.2,171.16 2 0
zrp/handler_ncr_integration.go:171.16,174.3 2 0
zrp/handler_ncr_integration.go:177.2,206.21 5 0
zrp/handler_notification_prefs.go:42.37,42.50 1 1
zrp/handler_notification_prefs.go:44.35,56.16 2 0
zrp/handler_notification_prefs.go:56.16,58.3 1 0
zrp/handler_notification_prefs.go:62.43,63.39 1 0
zrp/handler_notification_prefs.go:63.39,66.17 3 0
zrp/handler_notification_prefs.go:66.17,69.4 1 0
zrp/handler_notification_prefs.go:73.79,75.24 2 0
zrp/handler_notification_prefs.go:75.24,78.3 2 0
zrp/handler_notification_prefs.go:79.2,82.20 3 0
zrp/handler_notification_prefs.go:85.71,87.16 2 0
zrp/handler_notification_prefs.go:87.16,89.3 1 0
zrp/handler_notification_prefs.go:90.2,93.18 3 0
zrp/handler_notification_prefs.go:93.18,96.110 3 0
zrp/handler_notification_prefs.go:96.110,97.12 1 0
zrp/handler_notification_prefs.go:99.3,100.27 2 0
zrp/handler_notification_prefs.go:102.2,102.18 1 0
zrp/handler_notification_prefs.go:102.18,104.3 1 0
zrp/handler_notification_prefs.go:105.2,105.14 1 0
zrp/handler_notification_prefs.go:108.82,110.24 2 0
zrp/handler_notification_prefs.go:110.24,113.3 2 0
zrp/handler_notification_prefs.go:114.2,117.63 3 0
zrp/handler_notification_prefs.go:117.63,120.3 2 0
zrp/handler_notification_prefs.go:122.2,122.26 1 0
[...]
zrp/market_pricing.go:496.22,499.4 2 0
zrp/market_pricing.go:500.3,500.36 1 0
zrp/market_pricing.go:503.2,504.27 2 0
zrp/market_pricing.go:504.27,506.3 1 0
zrp/market_pricing.go:507.2,507.21 1 0
zrp/market_pricing.go:507.21,509.3 1 0
zrp/market_pricing.go:510.2,510.33 1 0
zrp/market_pricing.go:513.36,516.29 2 0
zrp/market_pricing.go:516.29,517.27 1 0
zrp/market_pricing.go:517.27,518.20 1 0
zrp/market_pricing.go:518.20,519.52 1 0
zrp/market_pricing.go:519.52,521.6 1 0
zrp/market_pricing.go:522.5,522.73 1 0
zrp/market_pricing.go:522.73,524.6 1 0
zrp/market_pricing.go:525.5,525.14 1 0
zrp/market_pricing.go:529.2,529.11 1 0
zrp/market_pricing.go:532.74,537.62 2 0
zrp/market_pricing.go:537.62,540.3 2 0
zrp/market_pricing.go:541.2,541.74 1 0
zrp/market_pricing.go:541.74,544.3 2 0
zrp/market_pricing.go:545.2,545.82 1 0
zrp/market_pricing.go:545.82,548.3 2 0
zrp/market_pricing.go:549.2,549.62 1 0
zrp/market_pricing.go:552.73,556.62 2 0
zrp/market_pricing.go:556.62,559.3 2 0
zrp/market_pricing.go:560.2,560.69 1 0
zrp/market_pricing.go:560.69,563.3 2 0
zrp/market_pricing.go:564.2,564.62 1 0
zrp/market_pricing.go:567.75,577.2 1 0
zrp/market_pricing.go:579.35,580.13 1 0
zrp/market_pricing.go:580.13,582.3 1 0
zrp/market_pricing.go:583.2,583.17 1 0
zrp/market_pricing.go:583.17,585.3 1 0
zrp/market_pricing.go:586.2,586.38 1 0
zrp/middleware.go:29.58,31.2 1 0
zrp/middleware.go:34.53,35.71 1 0
zrp/middleware.go:35.71,37.65 1 0
zrp/middleware.go:37.65,40.4 2 0
zrp/middleware.go:43.3,43.34 1 0
zrp/middleware.go:43.34,46.4 2 0
zrp/middleware.go:48.3,55.25 6 0
zrp/middleware.go:59.46,60.71 1 0
zrp/middleware.go:60.71,65.28 5 0
zrp/middleware.go:65.28,68.4 2 0
zrp/middleware.go:69.3,70.66 2 0
zrp/middleware.go:75.54,76.71 1 0
zrp/middleware.go:76.71,102.19 8 0
zrp/middleware.go:102.19,104.4 1 0
zrp/middleware.go:106.3,106.23 1 0
zrp/middleware.go:110.50,111.71 1 0
zrp/middleware.go:111.71,117.35 2 0
zrp/middleware.go:117.35,120.4 2 0
zrp/middleware.go:123.3,124.47 2 0
zrp/middleware.go:124.47,126.34 2 0
zrp/middleware.go:126.34,129.5 2 0
zrp/middleware.go:130.4,133.10 4 0
zrp/middleware.go:137.3,138.17 2 0
zrp/middleware.go:138.17,139.41 1 0
zrp/middleware.go:139.41,142.5 2 0
zrp/middleware.go:143.4,146.10 4 0
zrp/middleware.go:149.3,155.17 6 0
zrp/middleware.go:155.17,156.41 1 0
zrp/middleware.go:156.41,159.5 2 0
zrp/middleware.go:160.4,163.10 4 0
zrp/middleware.go:167.3,167.25 1 0
zrp/middleware.go:167.25,169.18 2 0
zrp/middleware.go:169.18,171.42 2 0
zrp/middleware.go:171.42,174.43 2 0
zrp/middleware.go:174.43,177.7 2 0
zrp/middleware.go:178.6,181.12 4 0
zrp/middleware.go:186.3,186.18 1 0
zrp/middleware.go:186.18,191.4 4 0
zrp/middleware.go:194.3,212.40 6 0
zrp/middleware.go:218.39,220.13 2 0
zrp/middleware.go:221.38,222.14 1 0
zrp/middleware.go:224.2,224.90 1 0
zrp/middleware.go:224.90,226.3 1 0
zrp/middleware.go:227.2,227.14 1 0
zrp/middleware.go:232.50,233.71 1 0
zrp/middleware.go:233.71,235.43 2 0
zrp/middleware.go:235.43,238.4 2 0
zrp/middleware.go:240.3,242.17 2 0
zrp/middleware.go:242.17,245.4 2 0
zrp/middleware.go:247.3,255.35 5 0
zrp/middleware.go:255.35,258.4 2 0
zrp/middleware.go:261.3,261.43 1 0
zrp/middleware.go:261.43,269.4 4 0
zrp/middleware.go:271.3,271.23 1 0
zrp/middleware.go:286.25,290.2 3 0
zrp/middleware.go:293.77,300.35 5 0
zrp/middleware.go:300.35,301.28 1 0
zrp/middleware.go:301.28,303.4 1 0
zrp/middleware.go:306.2,306.28 1 0
zrp/middleware.go:306.28,308.3 1 0
zrp/middleware.go:308.8,310.3 1 0
zrp/middleware.go:314.107,329.23 8 0
zrp/middleware.go:329.23,331.3 1 0
zrp/middleware.go:331.8,333.3 1 0
zrp/middleware.go:336.2,336.27 1 0
zrp/middleware.go:336.27,338.3 1 0
zrp/middleware.go:341.2,344.36 3 0
zrp/middleware.go:350.58,351.71 1 0
zrp/middleware.go:351.71,354.68 2 0
zrp/middleware.go:354.68,356.4 1 0
zrp/middleware.go:357.3,357.56 1 0
zrp/middleware.go:357.56,359.4 1 0
zrp/middleware.go:362.3,362.57 1 0
zrp/middleware.go:362.57,364.4 1 0
zrp/middleware.go:366.3,374.28 5 0
zrp/middleware.go:374.28,378.4 3 0
zrp/middleware.go:378.9,378.46 1 0
zrp/middleware.go:378.46,383.4 3 0
zrp/middleware.go:383.9,387.4 2 0
zrp/middleware.go:390.3,397.15 5 0
zrp/middleware.go:397.15,407.4 5 0
zrp/middleware.go:409.3,409.23 1 0
zrp/middleware.go:415.53,416.71 1 0
zrp/middleware.go:416.71,418.71 1 0
zrp/middleware.go:418.71,421.4 2 0
zrp/middleware.go:424.3,424.46 1 0
zrp/middleware.go:424.46,427.4 2 0
zrp/middleware.go:430.3,430.46 1 0
zrp/middleware.go:430.46,433.4 2 0
zrp/middleware.go:436.3,437.47 2 0
zrp/middleware.go:437.47,440.4 2 0
zrp/middleware.go:443.3,444.22 2 0
zrp/middleware.go:444.22,452.4 4 0
zrp/middleware.go:456.3,457.10 2 0
zrp/middleware.go:457.10,460.18 2 0
zrp/middleware.go:460.18,468.5 4 0
zrp/middleware.go:471.4,473.18 2 0
zrp/middleware.go:473.18,481.5 4 0
zrp/middleware.go:485.3,494.17 4 0
zrp/middleware.go:494.17,502.4 4 0
zrp/middleware.go:505.3,505.28 1 0
zrp/middleware.go:505.28,513.4 4 0
zrp/middleware.go:516.3,516.23 1 0
zrp/permissions.go:69.22,74.2 4 0
zrp/permissions.go:77.31,79.16 2 0
zrp/permissions.go:79.16,81.3 1 0
zrp/permissions.go:82.2,85.18 3 0
zrp/permissions.go:85.18,87.60 2 0
zrp/permissions.go:87.60,88.12 1 0
zrp/permissions.go:90.3,90.24 1 0
zrp/permissions.go:90.24,92.4 1 0
zrp/permissions.go:93.3,93.32 1 0
zrp/permissions.go:93.32,95.4 1 0
zrp/permissions.go:96.3,96.36 1 0
zrp/permissions.go:99.2,103.12 5 0
zrp/permissions.go:107.54,110.33 3 0
zrp/permissions.go:110.33,112.3 1 0
zrp/permissions.go:113.2,113.41 1 0
zrp/permissions.go:113.41,115.3 1 0
zrp/permissions.go:116.2,116.45 1 0
zrp/permissions.go:120.51,124.33 4 0
zrp/permissions.go:124.33,126.3 1 0
zrp/permissions.go:127.2,127.49 1 0
zrp/permissions.go:127.49,128.28 1 0
zrp/permissions.go:128.28,130.4 1 0
zrp/permissions.go:132.2,132.14 1 0
zrp/permissions.go:136.35,144.16 2 0
zrp/permissions.go:144.16,146.3 1 0
zrp/permissions.go:149.2,151.16 3 0
zrp/permissions.go:151.16,152.50 1 0
zrp/permissions.go:152.50,154.4 1 0
zrp/permissions.go:157.2,157.27 1 0
zrp/permissions.go:164.37,166.16 2 0
zrp/permissions.go:166.16,168.3 1 0
zrp/permissions.go:169.2,172.16 3 0
zrp/permissions.go:172.16,174.3 1 0
zrp/permissions.go:175.2,178.33 2 0
zrp/permissions.go:178.33,179.34 1 0
zrp/permissions.go:179.34,180.58 1 0
zrp/permissions.go:180.58,182.5 1 0
zrp/permissions.go:187.2,187.33 1 0
zrp/permissions.go:187.33,188.25 1 0
zrp/permissions.go:188.25,189.12 1 0
zrp/permissions.go:191.3,191.34 1 0
zrp/permissions.go:191.34,192.57 1 0
zrp/permissions.go:192.57,194.5 1 0
zrp/permissions.go:199.2,199.33 1 0
zrp/permissions.go:199.33,200.67 1 0
zrp/permissions.go:200.67,202.4 1 0
zrp/permissions.go:205.2,205.20 1 0
zrp/permissions.go:209.80,211.16 2 0
zrp/permissions.go:211.16,213.3 1 0
zrp/permissions.go:214.2,216.88 2 0
zrp/permissions.go:216.88,218.3 1 0
zrp/permissions.go:220.2,221.16 2 0
zrp/permissions.go:221.16,223.3 1 0
zrp/permissions.go:224.2,226.26 2 0
zrp/permissions.go:226.26,227.64 1 0
zrp/permissions.go:227.64,229.4 1 0
zrp/permissions.go:232.2,232.36 1 0
zrp/permissions.go:232.36,234.3 1 0
zrp/permissions.go:236.2,236.27 1 0
zrp/permissions.go:241.77,243.21 2 0
zrp/permissions.go:243.21,245.3 1 0
zrp/permissions.go:247.2,250.16 2 0
zrp/permissions.go:251.13,252.22 1 0
zrp/permissions.go:253.14,254.24 1 0
zrp/permissions.go:255.22,256.22 1 0
zrp/permissions.go:257.16,258.24 1 0
zrp/permissions.go:262.2,262.21 1 0
zrp/permissions.go:262.21,263.19 1 0
zrp/permissions.go:264.18,265.26 1 0
zrp/permissions.go:266.20,267.26 1 0
zrp/permissions.go:272.2,272.13 1 0
zrp/permissions.go:273.45,274.23 1 0
zrp/permissions.go:275.14,276.22 1 0
zrp/permissions.go:277.14,278.27 1 0
zrp/permissions.go:279.19,280.27 1 0
zrp/permissions.go:281.17,282.25 1 0
zrp/permissions.go:283.13,284.21 1 0
zrp/permissions.go:285.20,286.28 1 0
zrp/permissions.go:287.14,288.22 1 0
zrp/permissions.go:289.14,290.22 1 0
zrp/permissions.go:291.16,292.24 1 0
zrp/permissions.go:293.17,294.25 1 0
zrp/permissions.go:295.17,296.25 1 0
zrp/permissions.go:297.19,298.26 1 0
zrp/permissions.go:299.19,300.27 1 0
zrp/permissions.go:301.23,302.30 1 0
zrp/permissions.go:303.31,304.22 1 0
zrp/permissions.go:305.17,306.25 1 0
zrp/permissions.go:307.15,308.25 1 0
zrp/permissions.go:309.47,310.23 1 0
zrp/permissions.go:311.15,312.23 1 0
zrp/permissions.go:313.18,315.23 1 0
zrp/permissions.go:316.19,317.27 1 0
zrp/permissions.go:318.16,319.25 1 0
zrp/permissions.go:324.43,325.16 1 0
zrp/permissions.go:326.10,327.16 1 0
zrp/permissions.go:330.2,330.23 1 0
zrp/quality_auth.go:8.42,10.16 2 0
zrp/quality_auth.go:10.16,12.3 1 0
zrp/quality_auth.go:14.2,22.16 3 0
zrp/quality_auth.go:22.16,24.3 1 0
zrp/quality_auth.go:26.2,26.13 1 0
zrp/quality_auth.go:30.46,32.16 2 0
zrp/quality_auth.go:32.16,34.3 1 0
zrp/quality_auth.go:36.2,44.20 3 0
zrp/quality_auth.go:48.64,51.22 2 0
zrp/quality_auth.go:52.12,53.41 1 0
zrp/quality_auth.go:54.17,55.46 1 0
zrp/quality_auth.go:56.10,57.15 1 0
zrp/query_profiler.go:34.59,42.13 2 1
zrp/query_profiler.go:42.13,45.17 2 1
zrp/query_profiler.go:45.17,47.4 1 0
zrp/query_profiler.go:47.9,49.4 1 1
zrp/query_profiler.go:50.3,50.78 1 1
zrp/query_profiler.go:55.73,60.41 4 0
zrp/query_profiler.go:60.41,62.3 1 0
zrp/query_profiler.go:64.2,64.18 1 0
zrp/query_profiler.go:68.66,73.41 4 0
zrp/query_profiler.go:73.41,75.3 1 0
zrp/query_profiler.go:77.2,77.12 1 0
zrp/query_profiler.go:81.73,86.41 4 0
zrp/query_profiler.go:86.41,88.3 1 0
zrp/query_profiler.go:90.2,90.20 1 0
zrp/query_profiler.go:94.96,109.40 5 1
zrp/query_profiler.go:109.40,111.3 1 1
zrp/query_profiler.go:112.2,115.33 2 1
zrp/query_profiler.go:115.33,127.23 3 1
zrp/query_profiler.go:127.23,129.4 1 1
zrp/query_profiler.go:134.57,139.30 4 1
zrp/query_profiler.go:139.30,140.36 1 1
zrp/query_profiler.go:140.36,142.4 1 1
zrp/query_profiler.go:144.2,144.13 1 1
zrp/query_profiler.go:148.56,153.2 3 1
zrp/query_profiler.go:156.59,160.25 3 1
zrp/query_profiler.go:160.25,165.3 1 1
zrp/query_profiler.go:167.2,172.30 5 1
zrp/query_profiler.go:172.30,174.36 2 1
zrp/query_profiler.go:174.36,176.4 1 1
zrp/query_profiler.go:177.3,177.31 1 1
zrp/query_profiler.go:177.31,179.4 1 1
zrp/query_profiler.go:180.3,180.31 1 1
zrp/query_profiler.go:180.31,182.4 1 1
zrp/query_profiler.go:185.2,195.3 2 1
zrp/query_profiler.go:199.33,205.2 4 1
zrp/query_profiler.go:208.33,209.22 1 1
zrp/query_profiler.go:209.22,211.3 1 1
zrp/search.go:62.114,68.22 4 0
zrp/search.go:68.22,70.27 2 0
zrp/search.go:70.27,74.42 3 0
zrp/search.go:74.42,77.5 2 0
zrp/search.go:82.2,82.33 1 0
zrp/search.go:82.33,84.17 2 0
zrp/search.go:84.17,86.4 1 0
zrp/search.go:88.3,88.19 1 0
zrp/search.go:88.19,89.35 1 0
zrp/search.go:89.35,92.52 2 0
zrp/search.go:92.52,94.6 1 0
zrp/search.go:95.5,95.58 1 0
zrp/search.go:96.10,98.5 1 0
zrp/search.go:99.4,99.38 1 0
zrp/search.go:103.2,104.27 2 0
zrp/search.go:104.27,106.3 1 0
zrp/search.go:108.2,108.31 1 0
zrp/search.go:112.76,115.20 2 0
zrp/search.go:116.15,122.4 1 0
zrp/search.go:123.20,128.4 1 0
zrp/search.go:129.14,135.4 1 0
zrp/search.go:136.19,142.4 1 0
zrp/search.go:143.14,150.4 1 0
zrp/search.go:151.17,157.4 1 0
zrp/search.go:158.13,163.4 1 0
zrp/search.go:166.2,166.15 1 0
zrp/search.go:170.91,178.18 5 0
zrp/search.go:179.17,183.27 4 0
zrp/search.go:185.18,189.27 4 0
zrp/search.go:191.26,194.73 2 0
zrp/search.go:194.73,196.4 1 0
zrp/search.go:197.3,201.27 5 0
zrp/search.go:203.20,205.39 2 0
zrp/search.go:205.39,207.4 1 0
zrp/search.go:208.3,211.27 4 0
zrp/search.go:213.18,215.39 2 0
zrp/search.go:215.39,217.4 1 0
zrp/search.go:218.3,221.27 4 0
zrp/search.go:223.17,227.27 4 0
zrp/search.go:229.17,233.27 4 0
zrp/search.go:235.19,239.27 4 0
zrp/search.go:241.19,245.27 4 0
zrp/search.go:247.12,250.10 2 0
zrp/search.go:250.10,255.28 4 0
zrp/search.go:255.28,257.5 1 0
zrp/search.go:260.3,261.28 2 0
zrp/search.go:261.28,265.4 3 0
zrp/search.go:266.3,267.27 2 0
zrp/search.go:269.17,272.30 2 0
zrp/search.go:272.30,274.4 1 0
zrp/search.go:275.3,278.27 4 0
zrp/search.go:280.16,281.53 1 0
zrp/search.go:283.19,284.57 1 0
zrp/search.go:286.10,287.67 1 0
zrp/search.go:292.55,295.20 2 0
zrp/search.go:296.15,312.5 2 0
zrp/search.go:314.20,340.5 3 0
zrp/search.go:342.19,358.5 2 0
zrp/search.go:360.14,385.5 3 0
zrp/search.go:387.14,404.5 2 0
zrp/search.go:407.2,407.16 1 0
zrp/search.go:411.47,443.16 3 0
zrp/search.go:443.16,445.3 1 0
zrp/search.go:448.2,490.35 2 0
zrp/search.go:490.35,491.52 1 0
zrp/search.go:491.52,494.4 1 0
zrp/search.go:497.2,497.12 1 0
zrp/search.go:502.61,509.32 4 0
zrp/search.go:509.32,510.22 1 0
zrp/search.go:510.22,517.20 5 0
zrp/search.go:518.13,519.20 1 0
zrp/search.go:520.13,521.14 1 0
zrp/search.go:522.13,523.14 1 0
zrp/search.go:524.14,525.15 1 0
zrp/search.go:526.14,527.15 1 0
zrp/search.go:528.14,529.14 1 0
zrp/search.go:533.4,533.36 1 0
zrp/search.go:533.36,535.5 1 0
zrp/search.go:538.4,538.64 1 0
zrp/search.go:538.64,545.5 1 0
zrp/search.go:545.10,552.5 1 0
zrp/search.go:556.2,556.16 1 0
zrp/security.go:108.44,109.29 1 0
zrp/security.go:109.29,111.3 1 0
zrp/security.go:112.2,112.12 1 0
zrp/security.go:116.46,117.31 1 0
zrp/security.go:117.31,119.3 1 0
zrp/security.go:120.2,120.12 1 0
zrp/security.go:125.60,128.43 2 0
zrp/security.go:128.43,130.3 1 0
zrp/security.go:131.2,131.24 1 0
zrp/security.go:135.61,137.16 2 0
zrp/security.go:137.16,139.3 1 0
zrp/security.go:140.2,140.53 1 0
zrp/security.go:140.53,142.3 1 0
zrp/security.go:143.2,143.23 1 0
zrp/security.go:147.63,149.16 2 0
zrp/security.go:149.16,151.3 1 0
zrp/security.go:152.2,152.54 1 0
zrp/security.go:152.54,154.3 1 0
zrp/security.go:155.2,155.23 1 0
zrp/security.go:159.54,160.24 1 0
zrp/security.go:160.24,162.3 1 0
zrp/security.go:164.2,172.24 3 0
zrp/security.go:172.24,174.3 1 0
zrp/security.go:175.2,175.24 1 0
zrp/security.go:175.24,177.3 1 0
zrp/security.go:178.2,178.25 1 0
zrp/security.go:178.25,180.3 1 0
zrp/security.go:181.2,181.26 1 0
zrp/security.go:181.26,183.3 1 0
zrp/security.go:185.2,185.16 1 0
zrp/security.go:185.16,187.3 1 0
zrp/security.go:189.2,189.12 1 0
zrp/security.go:200.65,207.16 2 0
zrp/security.go:207.16,209.3 1 0
zrp/security.go:210.2,212.18 2 0
zrp/security.go:212.18,214.45 2 0
zrp/security.go:214.45,215.12 1 0
zrp/security.go:219.3,219.81 1 0
zrp/security.go:219.81,221.4 1 0
zrp/security.go:224.2,224.12 1 0
zrp/security.go:228.64,233.2 2 0
zrp/security.go:236.66,239.16 3 0
zrp/security.go:239.16,241.3 1 0
zrp/security.go:243.2,249.16 4 0
zrp/security.go:249.16,251.3 1 0
zrp/security.go:253.2,253.19 1 0
zrp/security.go:257.59,264.16 4 0
zrp/security.go:264.16,266.3 1 0
zrp/security.go:269.2,270.16 2 0
zrp/security.go:270.16,272.3 1 0
zrp/security.go:275.2,275.31 1 0
zrp/security.go:275.31,277.3 1 0
zrp/security.go:279.2,279.21 1 0
zrp/security.go:283.62,285.12 2 0
zrp/security.go:285.12,287.3 1 0
zrp/security.go:290.2,290.62 1 0
zrp/security.go:290.62,292.3 1 0
zrp/security.go:295.2,295.66 1 0
zrp/security.go:295.66,297.3 1 0
zrp/security.go:300.2,301.16 2 0
zrp/security.go:301.16,303.3 1 0
zrp/security.go:306.2,307.16 2 0
zrp/security.go:307.16,309.3 1 0
zrp/security.go:312.2,313.16 2 0
zrp/security.go:313.16,315.3 1 0
zrp/security.go:318.2,320.12 2 0
zrp/security.go:331.58,341.2 2 0
zrp/security.go:344.54,350.2 2 0
zrp/security.go:353.53,356.16 3 0
zrp/security.go:356.16,358.3 1 0
zrp/security.go:360.2,360.24 1 0
zrp/security.go:360.24,362.3 1 0
zrp/security.go:365.2,373.33 4 0
zrp/security.go:373.33,375.22 2 0
zrp/security.go:375.22,376.9 1 0
zrp/security.go:380.2,380.21 1 0
zrp/security.go:380.21,383.3 1 0
zrp/security.go:386.2,386.33 1 0
zrp/security.go:386.33,388.3 1 0
zrp/security.go:391.2,392.19 2 0
zrp/test_helpers.go:10.80,13.62 3 0
zrp/test_helpers.go:13.62,15.3 1 0
zrp/test_helpers.go:16.2,17.53 2 0
zrp/test_helpers.go:17.53,19.3 1 0
zrp/validation.go:23.56,25.2 1 0
zrp/validation.go:27.46,29.2 1 0
zrp/validation.go:31.44,33.30 2 0
zrp/validation.go:33.30,35.3 1 0
zrp/validation.go:36.2,36.33 1 0
zrp/validation.go:40.62,41.36 1 0
zrp/validation.go:41.36,43.3 1 0
zrp/validation.go:47.80,48.17 1 0
zrp/validation.go:48.17,50.3 1 0
zrp/validation.go:51.2,51.28 1 0
zrp/validation.go:51.28,52.17 1 0
zrp/validation.go:52.17,54.4 1 0
zrp/validation.go:56.2,56.79 1 0
zrp/validation.go:60.62,61.17 1 0
zrp/validation.go:61.17,63.3 1 0
zrp/validation.go:64.2,65.16 2 0
zrp/validation.go:65.16,67.3 1 0
zrp/validation.go:71.73,72.16 1 0
zrp/validation.go:72.16,74.3 1 0
zrp/validation.go:78.79,79.16 1 0
zrp/validation.go:79.16,81.3 1 0
zrp/validation.go:85.82,86.15 1 0
zrp/validation.go:86.15,88.3 1 0
zrp/validation.go:92.86,93.32 1 0
zrp/validation.go:93.32,95.3 1 0
zrp/validation.go:99.80,100.32 1 0
zrp/validation.go:100.32,102.3 1 0
zrp/validation.go:117.77,118.25 1 0
zrp/validation.go:118.25,120.3 1 0
zrp/validation.go:124.74,125.22 1 0
zrp/validation.go:125.22,127.3 1 0
zrp/validation.go:131.76,132.30 1 0
zrp/validation.go:132.30,134.3 1 0
zrp/validation.go:138.63,139.17 1 0
zrp/validation.go:139.17,141.3 1 0
zrp/validation.go:142.2,143.16 2 0
zrp/validation.go:143.16,145.3 1 0
zrp/validation.go:149.76,150.22 1 0
zrp/validation.go:150.22,152.3 1 0
zrp/validation.go:156.72,157.14 1 0
zrp/validation.go:157.14,159.3 1 0
zrp/validation.go:162.2,163.16 2 0
zrp/validation.go:163.16,166.3 2 0
zrp/validation.go:168.2,170.30 3 0
zrp/validation.go:170.30,172.3 1 0
zrp/validation.go:176.83,177.17 1 0
zrp/validation.go:177.17,179.3 1 0
zrp/validation.go:182.2,183.16 2 0
zrp/validation.go:183.16,186.3 2 0
zrp/validation.go:188.2,189.16 2 0
zrp/validation.go:189.16,192.3 2 0
zrp/validation.go:194.2,196.30 3 0
zrp/validation.go:196.30,198.3 1 0
zrp/validation.go:202.82,207.2 1 0
zrp/validation.go:212.61,213.17 1 0
zrp/validation.go:213.17,215.3 1 0
zrp/validation.go:216.2,216.36 1 0
zrp/validation.go:216.36,218.3 1 0
zrp/validation.go:252.79,253.27 1 0
zrp/validation.go:253.27,256.16 3 0
zrp/validation.go:256.16,258.4 1 0
zrp/validation.go:260.2,260.14 1 0
zrp/validation.go:299.96,301.15 1 0
zrp/validation.go:301.15,304.3 2 0
zrp/validation.go:306.2,306.24 1 0
zrp/validation.go:306.24,309.3 2 0
zrp/validation.go:311.2,311.24 1 0
zrp/validation.go:311.24,315.3 2 0
zrp/validation.go:318.2,318.30 1 0
zrp/validation.go:318.30,321.3 1 0
zrp/validation.go:324.2,327.37 2 0
zrp/validation.go:331.62,332.20 1 0
zrp/validation.go:332.20,335.3 2 0
zrp/validation.go:338.2,338.38 1 0
zrp/validation.go:338.38,340.3 1 0
zrp/validation.go:343.2,343.75 1 0
zrp/validation.go:343.75,345.3 1 0
zrp/validation.go:348.2,348.46 1 0
zrp/validation.go:348.46,350.3 1 0
zrp/validation.go:353.2,353.40 1 0
zrp/validation.go:353.40,355.3 1 0
zrp/validation.go:358.2,359.38 2 0
zrp/validation.go:359.38,360.39 1 0
zrp/validation.go:360.39,362.4 1 0
zrp/validation.go:366.2,366.43 1 0
zrp/validation.go:366.43,368.3 1 0
zrp/validation.go:372.67,376.15 2 0
zrp/validation.go:376.15,379.3 2 0
zrp/validation.go:382.2,382.48 1 0
zrp/validation.go:382.48,383.23 1 0
zrp/validation.go:383.23,386.4 2 0
zrp/validation.go:390.2,391.41 2 0
zrp/validation.go:391.41,392.18 1 0
zrp/validation.go:392.18,394.9 2 0
zrp/validation.go:398.2,398.14 1 0
zrp/validation.go:398.14,401.3 1 0
zrp/validation.go:405.47,438.37 4 0
zrp/validation.go:438.37,440.3 1 0
zrp/validation.go:443.2,443.25 1 0
zrp/validation.go:443.25,446.32 3 0
zrp/validation.go:446.32,448.4 1 0
zrp/validation.go:449.3,449.34 1 0
zrp/validation.go:452.2,452.17 1 0
zrp/websocket.go:30.46,34.2 3 0
zrp/websocket.go:36.48,41.2 4 0
zrp/websocket.go:44.38,46.16 2 1
zrp/websocket.go:46.16,49.3 2 0
zrp/websocket.go:50.2,52.27 3 1
zrp/websocket.go:52.27,54.3 1 0
zrp/websocket.go:55.2,57.28 2 1
zrp/websocket.go:57.28,59.69 2 0
zrp/websocket.go:59.69,61.4 1 0
zrp/websocket.go:66.42,66.57 1 0
zrp/websocket.go:70.62,72.16 2 0
zrp/websocket.go:72.16,75.3 2 0
zrp/websocket.go:77.2,82.41 4 0
zrp/websocket.go:82.41,85.3 2 0
zrp/websocket.go:88.2,88.12 1 0
zrp/websocket.go:88.12,91.22 3 0
zrp/websocket.go:91.22,92.103 1 0
zrp/websocket.go:92.103,94.5 1 0
zrp/websocket.go:99.2,99.6 1 0
zrp/websocket.go:99.6,101.17 2 0
zrp/websocket.go:101.17,102.9 1 0
zrp/websocket.go:105.2,106.39 2 0
zrp/websocket.go:110.53,116.2 1 0
